[08-Nov-2017 16:18:12 Asia/Tokyo] PHP Fatal error:  Class 'Form' not found in /home/ubuntu/workspace/kadai-tasklist-3/storage/framework/views/192715c41a48a0748ec92a958e78743b on line 9
[08-Nov-2017 16:18:12 Asia/Tokyo] PHP Stack trace:
[08-Nov-2017 16:18:12 Asia/Tokyo] PHP   1. {main}() /home/ubuntu/workspace/kadai-tasklist-3/server.php:0
[08-Nov-2017 16:18:12 Asia/Tokyo] PHP   2. require_once() /home/ubuntu/workspace/kadai-tasklist-3/server.php:21
[08-Nov-2017 16:18:12 Asia/Tokyo] PHP   3. Illuminate\Foundation\Http\Kernel->handle() /home/ubuntu/workspace/kadai-tasklist-3/public/index.php:54
[08-Nov-2017 16:18:12 Asia/Tokyo] PHP   4. Illuminate\Foundation\Http\Kernel->sendRequestThroughRouter() /home/ubuntu/workspace/kadai-tasklist-3/vendor/laravel/framework/src/Illuminate/Foundation/Http/Kernel.php:87
[08-Nov-2017 16:18:12 Asia/Tokyo] PHP   5. Illuminate\Pipeline\Pipeline->then() /home/ubuntu/workspace/kadai-tasklist-3/vendor/laravel/framework/src/Illuminate/Foundation/Http/Kernel.php:122
[08-Nov-2017 16:18:12 Asia/Tokyo] PHP   6. call_user_func:{/home/ubuntu/workspace/kadai-tasklist-3/vendor/laravel/framework/src/Illuminate/Pipeline/Pipeline.php:103}() /home/ubuntu/workspace/kadai-tasklist-3/vendor/laravel/framework/src/Illuminate/Pipeline/Pipeline.php:103
[08-Nov-2017 16:18:12 Asia/Tokyo] PHP   7. Illuminate\Pipeline\Pipeline->Illuminate\Pipeline\{closure}() /home/ubuntu/workspace/kadai-tasklist-3/vendor/laravel/framework/src/Illuminate/Pipeline/Pipeline.php:103
[08-Nov-2017 16:18:12 Asia/Tokyo] PHP   8. call_user_func_array:{/home/ubuntu/workspace/kadai-tasklist-3/vendor/laravel/framework/src/Illuminate/Pipeline/Pipeline.php:124}() /home/ubuntu/workspace/kadai-tasklist-3/vendor/laravel/framework/src/Illuminate/Pipeline/Pipeline.php:124
[08-Nov-2017 16:18:12 Asia/Tokyo] PHP   9. Illuminate\Foundation\Http\Middleware\CheckForMaintenanceMode->handle() /home/ubuntu/workspace/kadai-tasklist-3/vendor/laravel/framework/src/Illuminate/Pipeline/Pipeline.php:124
[08-Nov-2017 16:18:12 Asia/Tokyo] PHP  10. Illuminate\Pipeline\Pipeline->Illuminate\Pipeline\{closure}() /home/ubuntu/workspace/kadai-tasklist-3/vendor/laravel/framework/src/Illuminate/Foundation/Http/Middleware/CheckForMaintenanceMode.php:44
[08-Nov-2017 16:18:12 Asia/Tokyo] PHP  11. call_user_func_array:{/home/ubuntu/workspace/kadai-tasklist-3/vendor/laravel/framework/src/Illuminate/Pipeline/Pipeline.php:124}() /home/ubuntu/workspace/kadai-tasklist-3/vendor/laravel/framework/src/Illuminate/Pipeline/Pipeline.php:124
[08-Nov-2017 16:18:12 Asia/Tokyo] PHP  12. Illuminate\Cookie\Middleware\EncryptCookies->handle() /home/ubuntu/workspace/kadai-tasklist-3/vendor/laravel/framework/src/Illuminate/Pipeline/Pipeline.php:124
[08-Nov-2017 16:18:12 Asia/Tokyo] PHP  13. Illuminate\Pipeline\Pipeline->Illuminate\Pipeline\{closure}() /home/ubuntu/workspace/kadai-tasklist-3/vendor/laravel/framework/src/Illuminate/Cookie/Middleware/EncryptCookies.php:59
[08-Nov-2017 16:18:12 Asia/Tokyo] PHP  14. call_user_func_array:{/home/ubuntu/workspace/kadai-tasklist-3/vendor/laravel/framework/src/Illuminate/Pipeline/Pipeline.php:124}() /home/ubuntu/workspace/kadai-tasklist-3/vendor/laravel/framework/src/Illuminate/Pipeline/Pipeline.php:124
[08-Nov-2017 16:18:12 Asia/Tokyo] PHP  15. Illuminate\Cookie\Middleware\AddQueuedCookiesToResponse->handle() /home/ubuntu/workspace/kadai-tasklist-3/vendor/laravel/framework/src/Illuminate/Pipeline/Pipeline.php:124
[08-Nov-2017 16:18:12 Asia/Tokyo] PHP  16. Illuminate\Pipeline\Pipeline->Illuminate\Pipeline\{closure}() /home/ubuntu/workspace/kadai-tasklist-3/vendor/laravel/framework/src/Illuminate/Cookie/Middleware/AddQueuedCookiesToResponse.php:37
[08-Nov-2017 16:18:12 Asia/Tokyo] PHP  17. call_user_func_array:{/home/ubuntu/workspace/kadai-tasklist-3/vendor/laravel/framework/src/Illuminate/Pipeline/Pipeline.php:124}() /home/ubuntu/workspace/kadai-tasklist-3/vendor/laravel/framework/src/Illuminate/Pipeline/Pipeline.php:124
[08-Nov-2017 16:18:12 Asia/Tokyo] PHP  18. Illuminate\Session\Middleware\StartSession->handle() /home/ubuntu/workspace/kadai-tasklist-3/vendor/laravel/framework/src/Illuminate/Pipeline/Pipeline.php:124
[08-Nov-2017 16:18:12 Asia/Tokyo] PHP  19. Illuminate\Pipeline\Pipeline->Illuminate\Pipeline\{closure}() /home/ubuntu/workspace/kadai-tasklist-3/vendor/laravel/framework/src/Illuminate/Session/Middleware/StartSession.php:62
[08-Nov-2017 16:18:12 Asia/Tokyo] PHP  20. call_user_func_array:{/home/ubuntu/workspace/kadai-tasklist-3/vendor/laravel/framework/src/Illuminate/Pipeline/Pipeline.php:124}() /home/ubuntu/workspace/kadai-tasklist-3/vendor/laravel/framework/src/Illuminate/Pipeline/Pipeline.php:124
[08-Nov-2017 16:18:12 Asia/Tokyo] PHP  21. Illuminate\View\Middleware\ShareErrorsFromSession->handle() /home/ubuntu/workspace/kadai-tasklist-3/vendor/laravel/framework/src/Illuminate/Pipeline/Pipeline.php:124
[08-Nov-2017 16:18:12 Asia/Tokyo] PHP  22. Illuminate\Pipeline\Pipeline->Illuminate\Pipeline\{closure}() /home/ubuntu/workspace/kadai-tasklist-3/vendor/laravel/framework/src/Illuminate/View/Middleware/ShareErrorsFromSession.php:49
[08-Nov-2017 16:18:12 Asia/Tokyo] PHP  23. call_user_func_array:{/home/ubuntu/workspace/kadai-tasklist-3/vendor/laravel/framework/src/Illuminate/Pipeline/Pipeline.php:124}() /home/ubuntu/workspace/kadai-tasklist-3/vendor/laravel/framework/src/Illuminate/Pipeline/Pipeline.php:124
[08-Nov-2017 16:18:12 Asia/Tokyo] PHP  24. Illuminate\Foundation\Http\Middleware\VerifyCsrfToken->handle() /home/ubuntu/workspace/kadai-tasklist-3/vendor/laravel/framework/src/Illuminate/Pipeline/Pipeline.php:124
[08-Nov-2017 16:18:12 Asia/Tokyo] PHP  25. Illuminate\Pipeline\Pipeline->Illuminate\Pipeline\{closure}() /home/ubuntu/workspace/kadai-tasklist-3/vendor/laravel/framework/src/Illuminate/Foundation/Http/Middleware/VerifyCsrfToken.php:50
[08-Nov-2017 16:18:12 Asia/Tokyo] PHP  26. call_user_func:{/home/ubuntu/workspace/kadai-tasklist-3/vendor/laravel/framework/src/Illuminate/Pipeline/Pipeline.php:139}() /home/ubuntu/workspace/kadai-tasklist-3/vendor/laravel/framework/src/Illuminate/Pipeline/Pipeline.php:139
[08-Nov-2017 16:18:12 Asia/Tokyo] PHP  27. Illuminate\Foundation\Http\Kernel->Illuminate\Foundation\Http\{closure}() /home/ubuntu/workspace/kadai-tasklist-3/vendor/laravel/framework/src/Illuminate/Pipeline/Pipeline.php:139
[08-Nov-2017 16:18:12 Asia/Tokyo] PHP  28. Illuminate\Routing\Router->dispatch() /home/ubuntu/workspace/kadai-tasklist-3/vendor/laravel/framework/src/Illuminate/Foundation/Http/Kernel.php:236
[08-Nov-2017 16:18:12 Asia/Tokyo] PHP  29. Illuminate\Routing\Router->dispatchToRoute() /home/ubuntu/workspace/kadai-tasklist-3/vendor/laravel/framework/src/Illuminate/Routing/Router.php:635
[08-Nov-2017 16:18:12 Asia/Tokyo] PHP  30. Illuminate\Routing\Router->runRouteWithinStack() /home/ubuntu/workspace/kadai-tasklist-3/vendor/laravel/framework/src/Illuminate/Routing/Router.php:675
[08-Nov-2017 16:18:12 Asia/Tokyo] PHP  31. Illuminate\Pipeline\Pipeline->then() /home/ubuntu/workspace/kadai-tasklist-3/vendor/laravel/framework/src/Illuminate/Routing/Router.php:710
[08-Nov-2017 16:18:12 Asia/Tokyo] PHP  32. call_user_func:{/home/ubuntu/workspace/kadai-tasklist-3/vendor/laravel/framework/src/Illuminate/Pipeline/Pipeline.php:103}() /home/ubuntu/workspace/kadai-tasklist-3/vendor/laravel/framework/src/Illuminate/Pipeline/Pipeline.php:103
[08-Nov-2017 16:18:12 Asia/Tokyo] PHP  33. Illuminate\Pipeline\Pipeline->Illuminate\Pipeline\{closure}() /home/ubuntu/workspace/kadai-tasklist-3/vendor/laravel/framework/src/Illuminate/Pipeline/Pipeline.php:103
[08-Nov-2017 16:18:12 Asia/Tokyo] PHP  34. call_user_func:{/home/ubuntu/workspace/kadai-tasklist-3/vendor/laravel/framework/src/Illuminate/Pipeline/Pipeline.php:139}() /home/ubuntu/workspace/kadai-tasklist-3/vendor/laravel/framework/src/Illuminate/Pipeline/Pipeline.php:139
[08-Nov-2017 16:18:12 Asia/Tokyo] PHP  35. Illuminate\Routing\Router->Illuminate\Routing\{closure}() /home/ubuntu/workspace/kadai-tasklist-3/vendor/laravel/framework/src/Illuminate/Pipeline/Pipeline.php:139
[08-Nov-2017 16:18:12 Asia/Tokyo] PHP  36. Illuminate\Routing\Route->run() /home/ubuntu/workspace/kadai-tasklist-3/vendor/laravel/framework/src/Illuminate/Routing/Router.php:708
[08-Nov-2017 16:18:12 Asia/Tokyo] PHP  37. Illuminate\Routing\Route->runWithCustomDispatcher() /home/ubuntu/workspace/kadai-tasklist-3/vendor/laravel/framework/src/Illuminate/Routing/Route.php:134
[08-Nov-2017 16:18:12 Asia/Tokyo] PHP  38. Illuminate\Routing\ControllerDispatcher->dispatch() /home/ubuntu/workspace/kadai-tasklist-3/vendor/laravel/framework/src/Illuminate/Routing/Route.php:203
[08-Nov-2017 16:18:12 Asia/Tokyo] PHP  39. Illuminate\Routing\ControllerDispatcher->callWithinStack() /home/ubuntu/workspace/kadai-tasklist-3/vendor/laravel/framework/src/Illuminate/Routing/ControllerDispatcher.php:69
[08-Nov-2017 16:18:12 Asia/Tokyo] PHP  40. Illuminate\Pipeline\Pipeline->then() /home/ubuntu/workspace/kadai-tasklist-3/vendor/laravel/framework/src/Illuminate/Routing/ControllerDispatcher.php:114
[08-Nov-2017 16:18:12 Asia/Tokyo] PHP  41. call_user_func:{/home/ubuntu/workspace/kadai-tasklist-3/vendor/laravel/framework/src/Illuminate/Pipeline/Pipeline.php:103}() /home/ubuntu/workspace/kadai-tasklist-3/vendor/laravel/framework/src/Illuminate/Pipeline/Pipeline.php:103
[08-Nov-2017 16:18:12 Asia/Tokyo] PHP  42. Illuminate\Pipeline\Pipeline->Illuminate\Pipeline\{closure}() /home/ubuntu/workspace/kadai-tasklist-3/vendor/laravel/framework/src/Illuminate/Pipeline/Pipeline.php:103
[08-Nov-2017 16:18:12 Asia/Tokyo] PHP  43. call_user_func_array:{/home/ubuntu/workspace/kadai-tasklist-3/vendor/laravel/framework/src/Illuminate/Pipeline/Pipeline.php:124}() /home/ubuntu/workspace/kadai-tasklist-3/vendor/laravel/framework/src/Illuminate/Pipeline/Pipeline.php:124
[08-Nov-2017 16:18:12 Asia/Tokyo] PHP  44. App\Http\Middleware\RedirectIfAuthenticated->handle() /home/ubuntu/workspace/kadai-tasklist-3/vendor/laravel/framework/src/Illuminate/Pipeline/Pipeline.php:124
[08-Nov-2017 16:18:12 Asia/Tokyo] PHP  45. Illuminate\Pipeline\Pipeline->Illuminate\Pipeline\{closure}() /home/ubuntu/workspace/kadai-tasklist-3/app/Http/Middleware/RedirectIfAuthenticated.php:41
[08-Nov-2017 16:18:12 Asia/Tokyo] PHP  46. call_user_func:{/home/ubuntu/workspace/kadai-tasklist-3/vendor/laravel/framework/src/Illuminate/Pipeline/Pipeline.php:139}() /home/ubuntu/workspace/kadai-tasklist-3/vendor/laravel/framework/src/Illuminate/Pipeline/Pipeline.php:139
[08-Nov-2017 16:18:12 Asia/Tokyo] PHP  47. Illuminate\Routing\ControllerDispatcher->Illuminate\Routing\{closure}() /home/ubuntu/workspace/kadai-tasklist-3/vendor/laravel/framework/src/Illuminate/Pipeline/Pipeline.php:139
[08-Nov-2017 16:18:12 Asia/Tokyo] PHP  48. Illuminate\Routing\Router->prepareResponse() /home/ubuntu/workspace/kadai-tasklist-3/vendor/laravel/framework/src/Illuminate/Routing/ControllerDispatcher.php:113
[08-Nov-2017 16:18:12 Asia/Tokyo] PHP  49. Symfony\Component\HttpFoundation\Response->__construct() /home/ubuntu/workspace/kadai-tasklist-3/vendor/laravel/framework/src/Illuminate/Routing/Router.php:1229
[08-Nov-2017 16:18:12 Asia/Tokyo] PHP  50. Illuminate\Http\Response->setContent() /home/ubuntu/workspace/kadai-tasklist-3/vendor/symfony/http-foundation/Response.php:200
[08-Nov-2017 16:18:12 Asia/Tokyo] PHP  51. Illuminate\View\View->render() /home/ubuntu/workspace/kadai-tasklist-3/vendor/laravel/framework/src/Illuminate/Http/Response.php:51
[08-Nov-2017 16:18:12 Asia/Tokyo] PHP  52. Illuminate\View\View->renderContents() /home/ubuntu/workspace/kadai-tasklist-3/vendor/laravel/framework/src/Illuminate/View/View.php:83
[08-Nov-2017 16:18:12 Asia/Tokyo] PHP  53. Illuminate\View\View->getContents() /home/ubuntu/workspace/kadai-tasklist-3/vendor/laravel/framework/src/Illuminate/View/View.php:118
[08-Nov-2017 16:18:12 Asia/Tokyo] PHP  54. Illuminate\View\Engines\CompilerEngine->get() /home/ubuntu/workspace/kadai-tasklist-3/vendor/laravel/framework/src/Illuminate/View/View.php:147
[08-Nov-2017 16:18:12 Asia/Tokyo] PHP  55. Illuminate\View\Engines\PhpEngine->evaluatePath() /home/ubuntu/workspace/kadai-tasklist-3/vendor/laravel/framework/src/Illuminate/View/Engines/CompilerEngine.php:58
[08-Nov-2017 16:18:12 Asia/Tokyo] PHP  56. include() /home/ubuntu/workspace/kadai-tasklist-3/vendor/laravel/framework/src/Illuminate/View/Engines/PhpEngine.php:42
[08-Nov-2017 16:18:19 Asia/Tokyo] PHP Fatal error:  Class 'Form' not found in /home/ubuntu/workspace/kadai-tasklist-3/storage/framework/views/192715c41a48a0748ec92a958e78743b on line 9
[08-Nov-2017 16:18:19 Asia/Tokyo] PHP Stack trace:
[08-Nov-2017 16:18:19 Asia/Tokyo] PHP   1. {main}() /home/ubuntu/workspace/kadai-tasklist-3/server.php:0
[08-Nov-2017 16:18:19 Asia/Tokyo] PHP   2. require_once() /home/ubuntu/workspace/kadai-tasklist-3/server.php:21
[08-Nov-2017 16:18:19 Asia/Tokyo] PHP   3. Illuminate\Foundation\Http\Kernel->handle() /home/ubuntu/workspace/kadai-tasklist-3/public/index.php:54
[08-Nov-2017 16:18:19 Asia/Tokyo] PHP   4. Illuminate\Foundation\Http\Kernel->sendRequestThroughRouter() /home/ubuntu/workspace/kadai-tasklist-3/vendor/laravel/framework/src/Illuminate/Foundation/Http/Kernel.php:87
[08-Nov-2017 16:18:19 Asia/Tokyo] PHP   5. Illuminate\Pipeline\Pipeline->then() /home/ubuntu/workspace/kadai-tasklist-3/vendor/laravel/framework/src/Illuminate/Foundation/Http/Kernel.php:122
[08-Nov-2017 16:18:19 Asia/Tokyo] PHP   6. call_user_func:{/home/ubuntu/workspace/kadai-tasklist-3/vendor/laravel/framework/src/Illuminate/Pipeline/Pipeline.php:103}() /home/ubuntu/workspace/kadai-tasklist-3/vendor/laravel/framework/src/Illuminate/Pipeline/Pipeline.php:103
[08-Nov-2017 16:18:19 Asia/Tokyo] PHP   7. Illuminate\Pipeline\Pipeline->Illuminate\Pipeline\{closure}() /home/ubuntu/workspace/kadai-tasklist-3/vendor/laravel/framework/src/Illuminate/Pipeline/Pipeline.php:103
[08-Nov-2017 16:18:19 Asia/Tokyo] PHP   8. call_user_func_array:{/home/ubuntu/workspace/kadai-tasklist-3/vendor/laravel/framework/src/Illuminate/Pipeline/Pipeline.php:124}() /home/ubuntu/workspace/kadai-tasklist-3/vendor/laravel/framework/src/Illuminate/Pipeline/Pipeline.php:124
[08-Nov-2017 16:18:19 Asia/Tokyo] PHP   9. Illuminate\Foundation\Http\Middleware\CheckForMaintenanceMode->handle() /home/ubuntu/workspace/kadai-tasklist-3/vendor/laravel/framework/src/Illuminate/Pipeline/Pipeline.php:124
[08-Nov-2017 16:18:19 Asia/Tokyo] PHP  10. Illuminate\Pipeline\Pipeline->Illuminate\Pipeline\{closure}() /home/ubuntu/workspace/kadai-tasklist-3/vendor/laravel/framework/src/Illuminate/Foundation/Http/Middleware/CheckForMaintenanceMode.php:44
[08-Nov-2017 16:18:19 Asia/Tokyo] PHP  11. call_user_func_array:{/home/ubuntu/workspace/kadai-tasklist-3/vendor/laravel/framework/src/Illuminate/Pipeline/Pipeline.php:124}() /home/ubuntu/workspace/kadai-tasklist-3/vendor/laravel/framework/src/Illuminate/Pipeline/Pipeline.php:124
[08-Nov-2017 16:18:19 Asia/Tokyo] PHP  12. Illuminate\Cookie\Middleware\EncryptCookies->handle() /home/ubuntu/workspace/kadai-tasklist-3/vendor/laravel/framework/src/Illuminate/Pipeline/Pipeline.php:124
[08-Nov-2017 16:18:19 Asia/Tokyo] PHP  13. Illuminate\Pipeline\Pipeline->Illuminate\Pipeline\{closure}() /home/ubuntu/workspace/kadai-tasklist-3/vendor/laravel/framework/src/Illuminate/Cookie/Middleware/EncryptCookies.php:59
[08-Nov-2017 16:18:19 Asia/Tokyo] PHP  14. call_user_func_array:{/home/ubuntu/workspace/kadai-tasklist-3/vendor/laravel/framework/src/Illuminate/Pipeline/Pipeline.php:124}() /home/ubuntu/workspace/kadai-tasklist-3/vendor/laravel/framework/src/Illuminate/Pipeline/Pipeline.php:124
[08-Nov-2017 16:18:19 Asia/Tokyo] PHP  15. Illuminate\Cookie\Middleware\AddQueuedCookiesToResponse->handle() /home/ubuntu/workspace/kadai-tasklist-3/vendor/laravel/framework/src/Illuminate/Pipeline/Pipeline.php:124
[08-Nov-2017 16:18:19 Asia/Tokyo] PHP  16. Illuminate\Pipeline\Pipeline->Illuminate\Pipeline\{closure}() /home/ubuntu/workspace/kadai-tasklist-3/vendor/laravel/framework/src/Illuminate/Cookie/Middleware/AddQueuedCookiesToResponse.php:37
[08-Nov-2017 16:18:19 Asia/Tokyo] PHP  17. call_user_func_array:{/home/ubuntu/workspace/kadai-tasklist-3/vendor/laravel/framework/src/Illuminate/Pipeline/Pipeline.php:124}() /home/ubuntu/workspace/kadai-tasklist-3/vendor/laravel/framework/src/Illuminate/Pipeline/Pipeline.php:124
[08-Nov-2017 16:18:19 Asia/Tokyo] PHP  18. Illuminate\Session\Middleware\StartSession->handle() /home/ubuntu/workspace/kadai-tasklist-3/vendor/laravel/framework/src/Illuminate/Pipeline/Pipeline.php:124
[08-Nov-2017 16:18:19 Asia/Tokyo] PHP  19. Illuminate\Pipeline\Pipeline->Illuminate\Pipeline\{closure}() /home/ubuntu/workspace/kadai-tasklist-3/vendor/laravel/framework/src/Illuminate/Session/Middleware/StartSession.php:62
[08-Nov-2017 16:18:19 Asia/Tokyo] PHP  20. call_user_func_array:{/home/ubuntu/workspace/kadai-tasklist-3/vendor/laravel/framework/src/Illuminate/Pipeline/Pipeline.php:124}() /home/ubuntu/workspace/kadai-tasklist-3/vendor/laravel/framework/src/Illuminate/Pipeline/Pipeline.php:124
[08-Nov-2017 16:18:19 Asia/Tokyo] PHP  21. Illuminate\View\Middleware\ShareErrorsFromSession->handle() /home/ubuntu/workspace/kadai-tasklist-3/vendor/laravel/framework/src/Illuminate/Pipeline/Pipeline.php:124
[08-Nov-2017 16:18:19 Asia/Tokyo] PHP  22. Illuminate\Pipeline\Pipeline->Illuminate\Pipeline\{closure}() /home/ubuntu/workspace/kadai-tasklist-3/vendor/laravel/framework/src/Illuminate/View/Middleware/ShareErrorsFromSession.php:49
[08-Nov-2017 16:18:19 Asia/Tokyo] PHP  23. call_user_func_array:{/home/ubuntu/workspace/kadai-tasklist-3/vendor/laravel/framework/src/Illuminate/Pipeline/Pipeline.php:124}() /home/ubuntu/workspace/kadai-tasklist-3/vendor/laravel/framework/src/Illuminate/Pipeline/Pipeline.php:124
[08-Nov-2017 16:18:19 Asia/Tokyo] PHP  24. Illuminate\Foundation\Http\Middleware\VerifyCsrfToken->handle() /home/ubuntu/workspace/kadai-tasklist-3/vendor/laravel/framework/src/Illuminate/Pipeline/Pipeline.php:124
[08-Nov-2017 16:18:19 Asia/Tokyo] PHP  25. Illuminate\Pipeline\Pipeline->Illuminate\Pipeline\{closure}() /home/ubuntu/workspace/kadai-tasklist-3/vendor/laravel/framework/src/Illuminate/Foundation/Http/Middleware/VerifyCsrfToken.php:50
[08-Nov-2017 16:18:19 Asia/Tokyo] PHP  26. call_user_func:{/home/ubuntu/workspace/kadai-tasklist-3/vendor/laravel/framework/src/Illuminate/Pipeline/Pipeline.php:139}() /home/ubuntu/workspace/kadai-tasklist-3/vendor/laravel/framework/src/Illuminate/Pipeline/Pipeline.php:139
[08-Nov-2017 16:18:19 Asia/Tokyo] PHP  27. Illuminate\Foundation\Http\Kernel->Illuminate\Foundation\Http\{closure}() /home/ubuntu/workspace/kadai-tasklist-3/vendor/laravel/framework/src/Illuminate/Pipeline/Pipeline.php:139
[08-Nov-2017 16:18:19 Asia/Tokyo] PHP  28. Illuminate\Routing\Router->dispatch() /home/ubuntu/workspace/kadai-tasklist-3/vendor/laravel/framework/src/Illuminate/Foundation/Http/Kernel.php:236
[08-Nov-2017 16:18:19 Asia/Tokyo] PHP  29. Illuminate\Routing\Router->dispatchToRoute() /home/ubuntu/workspace/kadai-tasklist-3/vendor/laravel/framework/src/Illuminate/Routing/Router.php:635
[08-Nov-2017 16:18:19 Asia/Tokyo] PHP  30. Illuminate\Routing\Router->runRouteWithinStack() /home/ubuntu/workspace/kadai-tasklist-3/vendor/laravel/framework/src/Illuminate/Routing/Router.php:675
[08-Nov-2017 16:18:19 Asia/Tokyo] PHP  31. Illuminate\Pipeline\Pipeline->then() /home/ubuntu/workspace/kadai-tasklist-3/vendor/laravel/framework/src/Illuminate/Routing/Router.php:710
[08-Nov-2017 16:18:19 Asia/Tokyo] PHP  32. call_user_func:{/home/ubuntu/workspace/kadai-tasklist-3/vendor/laravel/framework/src/Illuminate/Pipeline/Pipeline.php:103}() /home/ubuntu/workspace/kadai-tasklist-3/vendor/laravel/framework/src/Illuminate/Pipeline/Pipeline.php:103
[08-Nov-2017 16:18:19 Asia/Tokyo] PHP  33. Illuminate\Pipeline\Pipeline->Illuminate\Pipeline\{closure}() /home/ubuntu/workspace/kadai-tasklist-3/vendor/laravel/framework/src/Illuminate/Pipeline/Pipeline.php:103
[08-Nov-2017 16:18:19 Asia/Tokyo] PHP  34. call_user_func:{/home/ubuntu/workspace/kadai-tasklist-3/vendor/laravel/framework/src/Illuminate/Pipeline/Pipeline.php:139}() /home/ubuntu/workspace/kadai-tasklist-3/vendor/laravel/framework/src/Illuminate/Pipeline/Pipeline.php:139
[08-Nov-2017 16:18:19 Asia/Tokyo] PHP  35. Illuminate\Routing\Router->Illuminate\Routing\{closure}() /home/ubuntu/workspace/kadai-tasklist-3/vendor/laravel/framework/src/Illuminate/Pipeline/Pipeline.php:139
[08-Nov-2017 16:18:19 Asia/Tokyo] PHP  36. Illuminate\Routing\Route->run() /home/ubuntu/workspace/kadai-tasklist-3/vendor/laravel/framework/src/Illuminate/Routing/Router.php:708
[08-Nov-2017 16:18:19 Asia/Tokyo] PHP  37. Illuminate\Routing\Route->runWithCustomDispatcher() /home/ubuntu/workspace/kadai-tasklist-3/vendor/laravel/framework/src/Illuminate/Routing/Route.php:134
[08-Nov-2017 16:18:19 Asia/Tokyo] PHP  38. Illuminate\Routing\ControllerDispatcher->dispatch() /home/ubuntu/workspace/kadai-tasklist-3/vendor/laravel/framework/src/Illuminate/Routing/Route.php:203
[08-Nov-2017 16:18:19 Asia/Tokyo] PHP  39. Illuminate\Routing\ControllerDispatcher->callWithinStack() /home/ubuntu/workspace/kadai-tasklist-3/vendor/laravel/framework/src/Illuminate/Routing/ControllerDispatcher.php:69
[08-Nov-2017 16:18:19 Asia/Tokyo] PHP  40. Illuminate\Pipeline\Pipeline->then() /home/ubuntu/workspace/kadai-tasklist-3/vendor/laravel/framework/src/Illuminate/Routing/ControllerDispatcher.php:114
[08-Nov-2017 16:18:19 Asia/Tokyo] PHP  41. call_user_func:{/home/ubuntu/workspace/kadai-tasklist-3/vendor/laravel/framework/src/Illuminate/Pipeline/Pipeline.php:103}() /home/ubuntu/workspace/kadai-tasklist-3/vendor/laravel/framework/src/Illuminate/Pipeline/Pipeline.php:103
[08-Nov-2017 16:18:19 Asia/Tokyo] PHP  42. Illuminate\Pipeline\Pipeline->Illuminate\Pipeline\{closure}() /home/ubuntu/workspace/kadai-tasklist-3/vendor/laravel/framework/src/Illuminate/Pipeline/Pipeline.php:103
[08-Nov-2017 16:18:19 Asia/Tokyo] PHP  43. call_user_func_array:{/home/ubuntu/workspace/kadai-tasklist-3/vendor/laravel/framework/src/Illuminate/Pipeline/Pipeline.php:124}() /home/ubuntu/workspace/kadai-tasklist-3/vendor/laravel/framework/src/Illuminate/Pipeline/Pipeline.php:124
[08-Nov-2017 16:18:19 Asia/Tokyo] PHP  44. App\Http\Middleware\RedirectIfAuthenticated->handle() /home/ubuntu/workspace/kadai-tasklist-3/vendor/laravel/framework/src/Illuminate/Pipeline/Pipeline.php:124
[08-Nov-2017 16:18:19 Asia/Tokyo] PHP  45. Illuminate\Pipeline\Pipeline->Illuminate\Pipeline\{closure}() /home/ubuntu/workspace/kadai-tasklist-3/app/Http/Middleware/RedirectIfAuthenticated.php:41
[08-Nov-2017 16:18:19 Asia/Tokyo] PHP  46. call_user_func:{/home/ubuntu/workspace/kadai-tasklist-3/vendor/laravel/framework/src/Illuminate/Pipeline/Pipeline.php:139}() /home/ubuntu/workspace/kadai-tasklist-3/vendor/laravel/framework/src/Illuminate/Pipeline/Pipeline.php:139
[08-Nov-2017 16:18:19 Asia/Tokyo] PHP  47. Illuminate\Routing\ControllerDispatcher->Illuminate\Routing\{closure}() /home/ubuntu/workspace/kadai-tasklist-3/vendor/laravel/framework/src/Illuminate/Pipeline/Pipeline.php:139
[08-Nov-2017 16:18:19 Asia/Tokyo] PHP  48. Illuminate\Routing\Router->prepareResponse() /home/ubuntu/workspace/kadai-tasklist-3/vendor/laravel/framework/src/Illuminate/Routing/ControllerDispatcher.php:113
[08-Nov-2017 16:18:19 Asia/Tokyo] PHP  49. Symfony\Component\HttpFoundation\Response->__construct() /home/ubuntu/workspace/kadai-tasklist-3/vendor/laravel/framework/src/Illuminate/Routing/Router.php:1229
[08-Nov-2017 16:18:19 Asia/Tokyo] PHP  50. Illuminate\Http\Response->setContent() /home/ubuntu/workspace/kadai-tasklist-3/vendor/symfony/http-foundation/Response.php:200
[08-Nov-2017 16:18:19 Asia/Tokyo] PHP  51. Illuminate\View\View->render() /home/ubuntu/workspace/kadai-tasklist-3/vendor/laravel/framework/src/Illuminate/Http/Response.php:51
[08-Nov-2017 16:18:19 Asia/Tokyo] PHP  52. Illuminate\View\View->renderContents() /home/ubuntu/workspace/kadai-tasklist-3/vendor/laravel/framework/src/Illuminate/View/View.php:83
[08-Nov-2017 16:18:19 Asia/Tokyo] PHP  53. Illuminate\View\View->getContents() /home/ubuntu/workspace/kadai-tasklist-3/vendor/laravel/framework/src/Illuminate/View/View.php:118
[08-Nov-2017 16:18:19 Asia/Tokyo] PHP  54. Illuminate\View\Engines\CompilerEngine->get() /home/ubuntu/workspace/kadai-tasklist-3/vendor/laravel/framework/src/Illuminate/View/View.php:147
[08-Nov-2017 16:18:19 Asia/Tokyo] PHP  55. Illuminate\View\Engines\PhpEngine->evaluatePath() /home/ubuntu/workspace/kadai-tasklist-3/vendor/laravel/framework/src/Illuminate/View/Engines/CompilerEngine.php:58
[08-Nov-2017 16:18:19 Asia/Tokyo] PHP  56. include() /home/ubuntu/workspace/kadai-tasklist-3/vendor/laravel/framework/src/Illuminate/View/Engines/PhpEngine.php:42
[08-Nov-2017 16:23:55 Asia/Tokyo] PHP Fatal error:  Class 'Form' not found in /home/ubuntu/workspace/kadai-tasklist-3/storage/framework/views/192715c41a48a0748ec92a958e78743b on line 9
[08-Nov-2017 16:23:55 Asia/Tokyo] PHP Stack trace:
[08-Nov-2017 16:23:55 Asia/Tokyo] PHP   1. {main}() /home/ubuntu/workspace/kadai-tasklist-3/server.php:0
[08-Nov-2017 16:23:55 Asia/Tokyo] PHP   2. require_once() /home/ubuntu/workspace/kadai-tasklist-3/server.php:21
[08-Nov-2017 16:23:55 Asia/Tokyo] PHP   3. Illuminate\Foundation\Http\Kernel->handle() /home/ubuntu/workspace/kadai-tasklist-3/public/index.php:54
[08-Nov-2017 16:23:55 Asia/Tokyo] PHP   4. Illuminate\Foundation\Http\Kernel->sendRequestThroughRouter() /home/ubuntu/workspace/kadai-tasklist-3/vendor/laravel/framework/src/Illuminate/Foundation/Http/Kernel.php:87
[08-Nov-2017 16:23:55 Asia/Tokyo] PHP   5. Illuminate\Pipeline\Pipeline->then() /home/ubuntu/workspace/kadai-tasklist-3/vendor/laravel/framework/src/Illuminate/Foundation/Http/Kernel.php:122
[08-Nov-2017 16:23:55 Asia/Tokyo] PHP   6. call_user_func:{/home/ubuntu/workspace/kadai-tasklist-3/vendor/laravel/framework/src/Illuminate/Pipeline/Pipeline.php:103}() /home/ubuntu/workspace/kadai-tasklist-3/vendor/laravel/framework/src/Illuminate/Pipeline/Pipeline.php:103
[08-Nov-2017 16:23:55 Asia/Tokyo] PHP   7. Illuminate\Pipeline\Pipeline->Illuminate\Pipeline\{closure}() /home/ubuntu/workspace/kadai-tasklist-3/vendor/laravel/framework/src/Illuminate/Pipeline/Pipeline.php:103
[08-Nov-2017 16:23:55 Asia/Tokyo] PHP   8. call_user_func_array:{/home/ubuntu/workspace/kadai-tasklist-3/vendor/laravel/framework/src/Illuminate/Pipeline/Pipeline.php:124}() /home/ubuntu/workspace/kadai-tasklist-3/vendor/laravel/framework/src/Illuminate/Pipeline/Pipeline.php:124
[08-Nov-2017 16:23:55 Asia/Tokyo] PHP   9. Illuminate\Foundation\Http\Middleware\CheckForMaintenanceMode->handle() /home/ubuntu/workspace/kadai-tasklist-3/vendor/laravel/framework/src/Illuminate/Pipeline/Pipeline.php:124
[08-Nov-2017 16:23:55 Asia/Tokyo] PHP  10. Illuminate\Pipeline\Pipeline->Illuminate\Pipeline\{closure}() /home/ubuntu/workspace/kadai-tasklist-3/vendor/laravel/framework/src/Illuminate/Foundation/Http/Middleware/CheckForMaintenanceMode.php:44
[08-Nov-2017 16:23:55 Asia/Tokyo] PHP  11. call_user_func_array:{/home/ubuntu/workspace/kadai-tasklist-3/vendor/laravel/framework/src/Illuminate/Pipeline/Pipeline.php:124}() /home/ubuntu/workspace/kadai-tasklist-3/vendor/laravel/framework/src/Illuminate/Pipeline/Pipeline.php:124
[08-Nov-2017 16:23:55 Asia/Tokyo] PHP  12. Illuminate\Cookie\Middleware\EncryptCookies->handle() /home/ubuntu/workspace/kadai-tasklist-3/vendor/laravel/framework/src/Illuminate/Pipeline/Pipeline.php:124
[08-Nov-2017 16:23:55 Asia/Tokyo] PHP  13. Illuminate\Pipeline\Pipeline->Illuminate\Pipeline\{closure}() /home/ubuntu/workspace/kadai-tasklist-3/vendor/laravel/framework/src/Illuminate/Cookie/Middleware/EncryptCookies.php:59
[08-Nov-2017 16:23:55 Asia/Tokyo] PHP  14. call_user_func_array:{/home/ubuntu/workspace/kadai-tasklist-3/vendor/laravel/framework/src/Illuminate/Pipeline/Pipeline.php:124}() /home/ubuntu/workspace/kadai-tasklist-3/vendor/laravel/framework/src/Illuminate/Pipeline/Pipeline.php:124
[08-Nov-2017 16:23:55 Asia/Tokyo] PHP  15. Illuminate\Cookie\Middleware\AddQueuedCookiesToResponse->handle() /home/ubuntu/workspace/kadai-tasklist-3/vendor/laravel/framework/src/Illuminate/Pipeline/Pipeline.php:124
[08-Nov-2017 16:23:55 Asia/Tokyo] PHP  16. Illuminate\Pipeline\Pipeline->Illuminate\Pipeline\{closure}() /home/ubuntu/workspace/kadai-tasklist-3/vendor/laravel/framework/src/Illuminate/Cookie/Middleware/AddQueuedCookiesToResponse.php:37
[08-Nov-2017 16:23:55 Asia/Tokyo] PHP  17. call_user_func_array:{/home/ubuntu/workspace/kadai-tasklist-3/vendor/laravel/framework/src/Illuminate/Pipeline/Pipeline.php:124}() /home/ubuntu/workspace/kadai-tasklist-3/vendor/laravel/framework/src/Illuminate/Pipeline/Pipeline.php:124
[08-Nov-2017 16:23:55 Asia/Tokyo] PHP  18. Illuminate\Session\Middleware\StartSession->handle() /home/ubuntu/workspace/kadai-tasklist-3/vendor/laravel/framework/src/Illuminate/Pipeline/Pipeline.php:124
[08-Nov-2017 16:23:55 Asia/Tokyo] PHP  19. Illuminate\Pipeline\Pipeline->Illuminate\Pipeline\{closure}() /home/ubuntu/workspace/kadai-tasklist-3/vendor/laravel/framework/src/Illuminate/Session/Middleware/StartSession.php:62
[08-Nov-2017 16:23:55 Asia/Tokyo] PHP  20. call_user_func_array:{/home/ubuntu/workspace/kadai-tasklist-3/vendor/laravel/framework/src/Illuminate/Pipeline/Pipeline.php:124}() /home/ubuntu/workspace/kadai-tasklist-3/vendor/laravel/framework/src/Illuminate/Pipeline/Pipeline.php:124
[08-Nov-2017 16:23:55 Asia/Tokyo] PHP  21. Illuminate\View\Middleware\ShareErrorsFromSession->handle() /home/ubuntu/workspace/kadai-tasklist-3/vendor/laravel/framework/src/Illuminate/Pipeline/Pipeline.php:124
[08-Nov-2017 16:23:55 Asia/Tokyo] PHP  22. Illuminate\Pipeline\Pipeline->Illuminate\Pipeline\{closure}() /home/ubuntu/workspace/kadai-tasklist-3/vendor/laravel/framework/src/Illuminate/View/Middleware/ShareErrorsFromSession.php:49
[08-Nov-2017 16:23:55 Asia/Tokyo] PHP  23. call_user_func_array:{/home/ubuntu/workspace/kadai-tasklist-3/vendor/laravel/framework/src/Illuminate/Pipeline/Pipeline.php:124}() /home/ubuntu/workspace/kadai-tasklist-3/vendor/laravel/framework/src/Illuminate/Pipeline/Pipeline.php:124
[08-Nov-2017 16:23:55 Asia/Tokyo] PHP  24. Illuminate\Foundation\Http\Middleware\VerifyCsrfToken->handle() /home/ubuntu/workspace/kadai-tasklist-3/vendor/laravel/framework/src/Illuminate/Pipeline/Pipeline.php:124
[08-Nov-2017 16:23:55 Asia/Tokyo] PHP  25. Illuminate\Pipeline\Pipeline->Illuminate\Pipeline\{closure}() /home/ubuntu/workspace/kadai-tasklist-3/vendor/laravel/framework/src/Illuminate/Foundation/Http/Middleware/VerifyCsrfToken.php:50
[08-Nov-2017 16:23:55 Asia/Tokyo] PHP  26. call_user_func:{/home/ubuntu/workspace/kadai-tasklist-3/vendor/laravel/framework/src/Illuminate/Pipeline/Pipeline.php:139}() /home/ubuntu/workspace/kadai-tasklist-3/vendor/laravel/framework/src/Illuminate/Pipeline/Pipeline.php:139
[08-Nov-2017 16:23:55 Asia/Tokyo] PHP  27. Illuminate\Foundation\Http\Kernel->Illuminate\Foundation\Http\{closure}() /home/ubuntu/workspace/kadai-tasklist-3/vendor/laravel/framework/src/Illuminate/Pipeline/Pipeline.php:139
[08-Nov-2017 16:23:55 Asia/Tokyo] PHP  28. Illuminate\Routing\Router->dispatch() /home/ubuntu/workspace/kadai-tasklist-3/vendor/laravel/framework/src/Illuminate/Foundation/Http/Kernel.php:236
[08-Nov-2017 16:23:55 Asia/Tokyo] PHP  29. Illuminate\Routing\Router->dispatchToRoute() /home/ubuntu/workspace/kadai-tasklist-3/vendor/laravel/framework/src/Illuminate/Routing/Router.php:635
[08-Nov-2017 16:23:55 Asia/Tokyo] PHP  30. Illuminate\Routing\Router->runRouteWithinStack() /home/ubuntu/workspace/kadai-tasklist-3/vendor/laravel/framework/src/Illuminate/Routing/Router.php:675
[08-Nov-2017 16:23:55 Asia/Tokyo] PHP  31. Illuminate\Pipeline\Pipeline->then() /home/ubuntu/workspace/kadai-tasklist-3/vendor/laravel/framework/src/Illuminate/Routing/Router.php:710
[08-Nov-2017 16:23:55 Asia/Tokyo] PHP  32. call_user_func:{/home/ubuntu/workspace/kadai-tasklist-3/vendor/laravel/framework/src/Illuminate/Pipeline/Pipeline.php:103}() /home/ubuntu/workspace/kadai-tasklist-3/vendor/laravel/framework/src/Illuminate/Pipeline/Pipeline.php:103
[08-Nov-2017 16:23:55 Asia/Tokyo] PHP  33. Illuminate\Pipeline\Pipeline->Illuminate\Pipeline\{closure}() /home/ubuntu/workspace/kadai-tasklist-3/vendor/laravel/framework/src/Illuminate/Pipeline/Pipeline.php:103
[08-Nov-2017 16:23:55 Asia/Tokyo] PHP  34. call_user_func:{/home/ubuntu/workspace/kadai-tasklist-3/vendor/laravel/framework/src/Illuminate/Pipeline/Pipeline.php:139}() /home/ubuntu/workspace/kadai-tasklist-3/vendor/laravel/framework/src/Illuminate/Pipeline/Pipeline.php:139
[08-Nov-2017 16:23:55 Asia/Tokyo] PHP  35. Illuminate\Routing\Router->Illuminate\Routing\{closure}() /home/ubuntu/workspace/kadai-tasklist-3/vendor/laravel/framework/src/Illuminate/Pipeline/Pipeline.php:139
[08-Nov-2017 16:23:55 Asia/Tokyo] PHP  36. Illuminate\Routing\Route->run() /home/ubuntu/workspace/kadai-tasklist-3/vendor/laravel/framework/src/Illuminate/Routing/Router.php:708
[08-Nov-2017 16:23:55 Asia/Tokyo] PHP  37. Illuminate\Routing\Route->runWithCustomDispatcher() /home/ubuntu/workspace/kadai-tasklist-3/vendor/laravel/framework/src/Illuminate/Routing/Route.php:134
[08-Nov-2017 16:23:55 Asia/Tokyo] PHP  38. Illuminate\Routing\ControllerDispatcher->dispatch() /home/ubuntu/workspace/kadai-tasklist-3/vendor/laravel/framework/src/Illuminate/Routing/Route.php:203
[08-Nov-2017 16:23:55 Asia/Tokyo] PHP  39. Illuminate\Routing\ControllerDispatcher->callWithinStack() /home/ubuntu/workspace/kadai-tasklist-3/vendor/laravel/framework/src/Illuminate/Routing/ControllerDispatcher.php:69
[08-Nov-2017 16:23:55 Asia/Tokyo] PHP  40. Illuminate\Pipeline\Pipeline->then() /home/ubuntu/workspace/kadai-tasklist-3/vendor/laravel/framework/src/Illuminate/Routing/ControllerDispatcher.php:114
[08-Nov-2017 16:23:55 Asia/Tokyo] PHP  41. call_user_func:{/home/ubuntu/workspace/kadai-tasklist-3/vendor/laravel/framework/src/Illuminate/Pipeline/Pipeline.php:103}() /home/ubuntu/workspace/kadai-tasklist-3/vendor/laravel/framework/src/Illuminate/Pipeline/Pipeline.php:103
[08-Nov-2017 16:23:55 Asia/Tokyo] PHP  42. Illuminate\Pipeline\Pipeline->Illuminate\Pipeline\{closure}() /home/ubuntu/workspace/kadai-tasklist-3/vendor/laravel/framework/src/Illuminate/Pipeline/Pipeline.php:103
[08-Nov-2017 16:23:55 Asia/Tokyo] PHP  43. call_user_func_array:{/home/ubuntu/workspace/kadai-tasklist-3/vendor/laravel/framework/src/Illuminate/Pipeline/Pipeline.php:124}() /home/ubuntu/workspace/kadai-tasklist-3/vendor/laravel/framework/src/Illuminate/Pipeline/Pipeline.php:124
[08-Nov-2017 16:23:55 Asia/Tokyo] PHP  44. App\Http\Middleware\RedirectIfAuthenticated->handle() /home/ubuntu/workspace/kadai-tasklist-3/vendor/laravel/framework/src/Illuminate/Pipeline/Pipeline.php:124
[08-Nov-2017 16:23:55 Asia/Tokyo] PHP  45. Illuminate\Pipeline\Pipeline->Illuminate\Pipeline\{closure}() /home/ubuntu/workspace/kadai-tasklist-3/app/Http/Middleware/RedirectIfAuthenticated.php:41
[08-Nov-2017 16:23:55 Asia/Tokyo] PHP  46. call_user_func:{/home/ubuntu/workspace/kadai-tasklist-3/vendor/laravel/framework/src/Illuminate/Pipeline/Pipeline.php:139}() /home/ubuntu/workspace/kadai-tasklist-3/vendor/laravel/framework/src/Illuminate/Pipeline/Pipeline.php:139
[08-Nov-2017 16:23:55 Asia/Tokyo] PHP  47. Illuminate\Routing\ControllerDispatcher->Illuminate\Routing\{closure}() /home/ubuntu/workspace/kadai-tasklist-3/vendor/laravel/framework/src/Illuminate/Pipeline/Pipeline.php:139
[08-Nov-2017 16:23:55 Asia/Tokyo] PHP  48. Illuminate\Routing\Router->prepareResponse() /home/ubuntu/workspace/kadai-tasklist-3/vendor/laravel/framework/src/Illuminate/Routing/ControllerDispatcher.php:113
[08-Nov-2017 16:23:55 Asia/Tokyo] PHP  49. Symfony\Component\HttpFoundation\Response->__construct() /home/ubuntu/workspace/kadai-tasklist-3/vendor/laravel/framework/src/Illuminate/Routing/Router.php:1229
[08-Nov-2017 16:23:55 Asia/Tokyo] PHP  50. Illuminate\Http\Response->setContent() /home/ubuntu/workspace/kadai-tasklist-3/vendor/symfony/http-foundation/Response.php:200
[08-Nov-2017 16:23:55 Asia/Tokyo] PHP  51. Illuminate\View\View->render() /home/ubuntu/workspace/kadai-tasklist-3/vendor/laravel/framework/src/Illuminate/Http/Response.php:51
[08-Nov-2017 16:23:55 Asia/Tokyo] PHP  52. Illuminate\View\View->renderContents() /home/ubuntu/workspace/kadai-tasklist-3/vendor/laravel/framework/src/Illuminate/View/View.php:83
[08-Nov-2017 16:23:55 Asia/Tokyo] PHP  53. Illuminate\View\View->getContents() /home/ubuntu/workspace/kadai-tasklist-3/vendor/laravel/framework/src/Illuminate/View/View.php:118
[08-Nov-2017 16:23:55 Asia/Tokyo] PHP  54. Illuminate\View\Engines\CompilerEngine->get() /home/ubuntu/workspace/kadai-tasklist-3/vendor/laravel/framework/src/Illuminate/View/View.php:147
[08-Nov-2017 16:23:55 Asia/Tokyo] PHP  55. Illuminate\View\Engines\PhpEngine->evaluatePath() /home/ubuntu/workspace/kadai-tasklist-3/vendor/laravel/framework/src/Illuminate/View/Engines/CompilerEngine.php:58
[08-Nov-2017 16:23:55 Asia/Tokyo] PHP  56. include() /home/ubuntu/workspace/kadai-tasklist-3/vendor/laravel/framework/src/Illuminate/View/Engines/PhpEngine.php:42
[08-Nov-2017 16:23:58 Asia/Tokyo] PHP Fatal error:  Class 'Form' not found in /home/ubuntu/workspace/kadai-tasklist-3/storage/framework/views/192715c41a48a0748ec92a958e78743b on line 9
[08-Nov-2017 16:23:58 Asia/Tokyo] PHP Stack trace:
[08-Nov-2017 16:23:58 Asia/Tokyo] PHP   1. {main}() /home/ubuntu/workspace/kadai-tasklist-3/server.php:0
[08-Nov-2017 16:23:58 Asia/Tokyo] PHP   2. require_once() /home/ubuntu/workspace/kadai-tasklist-3/server.php:21
[08-Nov-2017 16:23:58 Asia/Tokyo] PHP   3. Illuminate\Foundation\Http\Kernel->handle() /home/ubuntu/workspace/kadai-tasklist-3/public/index.php:54
[08-Nov-2017 16:23:58 Asia/Tokyo] PHP   4. Illuminate\Foundation\Http\Kernel->sendRequestThroughRouter() /home/ubuntu/workspace/kadai-tasklist-3/vendor/laravel/framework/src/Illuminate/Foundation/Http/Kernel.php:87
[08-Nov-2017 16:23:58 Asia/Tokyo] PHP   5. Illuminate\Pipeline\Pipeline->then() /home/ubuntu/workspace/kadai-tasklist-3/vendor/laravel/framework/src/Illuminate/Foundation/Http/Kernel.php:122
[08-Nov-2017 16:23:58 Asia/Tokyo] PHP   6. call_user_func:{/home/ubuntu/workspace/kadai-tasklist-3/vendor/laravel/framework/src/Illuminate/Pipeline/Pipeline.php:103}() /home/ubuntu/workspace/kadai-tasklist-3/vendor/laravel/framework/src/Illuminate/Pipeline/Pipeline.php:103
[08-Nov-2017 16:23:58 Asia/Tokyo] PHP   7. Illuminate\Pipeline\Pipeline->Illuminate\Pipeline\{closure}() /home/ubuntu/workspace/kadai-tasklist-3/vendor/laravel/framework/src/Illuminate/Pipeline/Pipeline.php:103
[08-Nov-2017 16:23:58 Asia/Tokyo] PHP   8. call_user_func_array:{/home/ubuntu/workspace/kadai-tasklist-3/vendor/laravel/framework/src/Illuminate/Pipeline/Pipeline.php:124}() /home/ubuntu/workspace/kadai-tasklist-3/vendor/laravel/framework/src/Illuminate/Pipeline/Pipeline.php:124
[08-Nov-2017 16:23:58 Asia/Tokyo] PHP   9. Illuminate\Foundation\Http\Middleware\CheckForMaintenanceMode->handle() /home/ubuntu/workspace/kadai-tasklist-3/vendor/laravel/framework/src/Illuminate/Pipeline/Pipeline.php:124
[08-Nov-2017 16:23:58 Asia/Tokyo] PHP  10. Illuminate\Pipeline\Pipeline->Illuminate\Pipeline\{closure}() /home/ubuntu/workspace/kadai-tasklist-3/vendor/laravel/framework/src/Illuminate/Foundation/Http/Middleware/CheckForMaintenanceMode.php:44
[08-Nov-2017 16:23:58 Asia/Tokyo] PHP  11. call_user_func_array:{/home/ubuntu/workspace/kadai-tasklist-3/vendor/laravel/framework/src/Illuminate/Pipeline/Pipeline.php:124}() /home/ubuntu/workspace/kadai-tasklist-3/vendor/laravel/framework/src/Illuminate/Pipeline/Pipeline.php:124
[08-Nov-2017 16:23:58 Asia/Tokyo] PHP  12. Illuminate\Cookie\Middleware\EncryptCookies->handle() /home/ubuntu/workspace/kadai-tasklist-3/vendor/laravel/framework/src/Illuminate/Pipeline/Pipeline.php:124
[08-Nov-2017 16:23:58 Asia/Tokyo] PHP  13. Illuminate\Pipeline\Pipeline->Illuminate\Pipeline\{closure}() /home/ubuntu/workspace/kadai-tasklist-3/vendor/laravel/framework/src/Illuminate/Cookie/Middleware/EncryptCookies.php:59
[08-Nov-2017 16:23:58 Asia/Tokyo] PHP  14. call_user_func_array:{/home/ubuntu/workspace/kadai-tasklist-3/vendor/laravel/framework/src/Illuminate/Pipeline/Pipeline.php:124}() /home/ubuntu/workspace/kadai-tasklist-3/vendor/laravel/framework/src/Illuminate/Pipeline/Pipeline.php:124
[08-Nov-2017 16:23:58 Asia/Tokyo] PHP  15. Illuminate\Cookie\Middleware\AddQueuedCookiesToResponse->handle() /home/ubuntu/workspace/kadai-tasklist-3/vendor/laravel/framework/src/Illuminate/Pipeline/Pipeline.php:124
[08-Nov-2017 16:23:58 Asia/Tokyo] PHP  16. Illuminate\Pipeline\Pipeline->Illuminate\Pipeline\{closure}() /home/ubuntu/workspace/kadai-tasklist-3/vendor/laravel/framework/src/Illuminate/Cookie/Middleware/AddQueuedCookiesToResponse.php:37
[08-Nov-2017 16:23:58 Asia/Tokyo] PHP  17. call_user_func_array:{/home/ubuntu/workspace/kadai-tasklist-3/vendor/laravel/framework/src/Illuminate/Pipeline/Pipeline.php:124}() /home/ubuntu/workspace/kadai-tasklist-3/vendor/laravel/framework/src/Illuminate/Pipeline/Pipeline.php:124
[08-Nov-2017 16:23:58 Asia/Tokyo] PHP  18. Illuminate\Session\Middleware\StartSession->handle() /home/ubuntu/workspace/kadai-tasklist-3/vendor/laravel/framework/src/Illuminate/Pipeline/Pipeline.php:124
[08-Nov-2017 16:23:58 Asia/Tokyo] PHP  19. Illuminate\Pipeline\Pipeline->Illuminate\Pipeline\{closure}() /home/ubuntu/workspace/kadai-tasklist-3/vendor/laravel/framework/src/Illuminate/Session/Middleware/StartSession.php:62
[08-Nov-2017 16:23:58 Asia/Tokyo] PHP  20. call_user_func_array:{/home/ubuntu/workspace/kadai-tasklist-3/vendor/laravel/framework/src/Illuminate/Pipeline/Pipeline.php:124}() /home/ubuntu/workspace/kadai-tasklist-3/vendor/laravel/framework/src/Illuminate/Pipeline/Pipeline.php:124
[08-Nov-2017 16:23:58 Asia/Tokyo] PHP  21. Illuminate\View\Middleware\ShareErrorsFromSession->handle() /home/ubuntu/workspace/kadai-tasklist-3/vendor/laravel/framework/src/Illuminate/Pipeline/Pipeline.php:124
[08-Nov-2017 16:23:58 Asia/Tokyo] PHP  22. Illuminate\Pipeline\Pipeline->Illuminate\Pipeline\{closure}() /home/ubuntu/workspace/kadai-tasklist-3/vendor/laravel/framework/src/Illuminate/View/Middleware/ShareErrorsFromSession.php:49
[08-Nov-2017 16:23:58 Asia/Tokyo] PHP  23. call_user_func_array:{/home/ubuntu/workspace/kadai-tasklist-3/vendor/laravel/framework/src/Illuminate/Pipeline/Pipeline.php:124}() /home/ubuntu/workspace/kadai-tasklist-3/vendor/laravel/framework/src/Illuminate/Pipeline/Pipeline.php:124
[08-Nov-2017 16:23:58 Asia/Tokyo] PHP  24. Illuminate\Foundation\Http\Middleware\VerifyCsrfToken->handle() /home/ubuntu/workspace/kadai-tasklist-3/vendor/laravel/framework/src/Illuminate/Pipeline/Pipeline.php:124
[08-Nov-2017 16:23:58 Asia/Tokyo] PHP  25. Illuminate\Pipeline\Pipeline->Illuminate\Pipeline\{closure}() /home/ubuntu/workspace/kadai-tasklist-3/vendor/laravel/framework/src/Illuminate/Foundation/Http/Middleware/VerifyCsrfToken.php:50
[08-Nov-2017 16:23:58 Asia/Tokyo] PHP  26. call_user_func:{/home/ubuntu/workspace/kadai-tasklist-3/vendor/laravel/framework/src/Illuminate/Pipeline/Pipeline.php:139}() /home/ubuntu/workspace/kadai-tasklist-3/vendor/laravel/framework/src/Illuminate/Pipeline/Pipeline.php:139
[08-Nov-2017 16:23:58 Asia/Tokyo] PHP  27. Illuminate\Foundation\Http\Kernel->Illuminate\Foundation\Http\{closure}() /home/ubuntu/workspace/kadai-tasklist-3/vendor/laravel/framework/src/Illuminate/Pipeline/Pipeline.php:139
[08-Nov-2017 16:23:58 Asia/Tokyo] PHP  28. Illuminate\Routing\Router->dispatch() /home/ubuntu/workspace/kadai-tasklist-3/vendor/laravel/framework/src/Illuminate/Foundation/Http/Kernel.php:236
[08-Nov-2017 16:23:58 Asia/Tokyo] PHP  29. Illuminate\Routing\Router->dispatchToRoute() /home/ubuntu/workspace/kadai-tasklist-3/vendor/laravel/framework/src/Illuminate/Routing/Router.php:635
[08-Nov-2017 16:23:58 Asia/Tokyo] PHP  30. Illuminate\Routing\Router->runRouteWithinStack() /home/ubuntu/workspace/kadai-tasklist-3/vendor/laravel/framework/src/Illuminate/Routing/Router.php:675
[08-Nov-2017 16:23:58 Asia/Tokyo] PHP  31. Illuminate\Pipeline\Pipeline->then() /home/ubuntu/workspace/kadai-tasklist-3/vendor/laravel/framework/src/Illuminate/Routing/Router.php:710
[08-Nov-2017 16:23:58 Asia/Tokyo] PHP  32. call_user_func:{/home/ubuntu/workspace/kadai-tasklist-3/vendor/laravel/framework/src/Illuminate/Pipeline/Pipeline.php:103}() /home/ubuntu/workspace/kadai-tasklist-3/vendor/laravel/framework/src/Illuminate/Pipeline/Pipeline.php:103
[08-Nov-2017 16:23:58 Asia/Tokyo] PHP  33. Illuminate\Pipeline\Pipeline->Illuminate\Pipeline\{closure}() /home/ubuntu/workspace/kadai-tasklist-3/vendor/laravel/framework/src/Illuminate/Pipeline/Pipeline.php:103
[08-Nov-2017 16:23:58 Asia/Tokyo] PHP  34. call_user_func:{/home/ubuntu/workspace/kadai-tasklist-3/vendor/laravel/framework/src/Illuminate/Pipeline/Pipeline.php:139}() /home/ubuntu/workspace/kadai-tasklist-3/vendor/laravel/framework/src/Illuminate/Pipeline/Pipeline.php:139
[08-Nov-2017 16:23:58 Asia/Tokyo] PHP  35. Illuminate\Routing\Router->Illuminate\Routing\{closure}() /home/ubuntu/workspace/kadai-tasklist-3/vendor/laravel/framework/src/Illuminate/Pipeline/Pipeline.php:139
[08-Nov-2017 16:23:58 Asia/Tokyo] PHP  36. Illuminate\Routing\Route->run() /home/ubuntu/workspace/kadai-tasklist-3/vendor/laravel/framework/src/Illuminate/Routing/Router.php:708
[08-Nov-2017 16:23:58 Asia/Tokyo] PHP  37. Illuminate\Routing\Route->runWithCustomDispatcher() /home/ubuntu/workspace/kadai-tasklist-3/vendor/laravel/framework/src/Illuminate/Routing/Route.php:134
[08-Nov-2017 16:23:58 Asia/Tokyo] PHP  38. Illuminate\Routing\ControllerDispatcher->dispatch() /home/ubuntu/workspace/kadai-tasklist-3/vendor/laravel/framework/src/Illuminate/Routing/Route.php:203
[08-Nov-2017 16:23:58 Asia/Tokyo] PHP  39. Illuminate\Routing\ControllerDispatcher->callWithinStack() /home/ubuntu/workspace/kadai-tasklist-3/vendor/laravel/framework/src/Illuminate/Routing/ControllerDispatcher.php:69
[08-Nov-2017 16:23:58 Asia/Tokyo] PHP  40. Illuminate\Pipeline\Pipeline->then() /home/ubuntu/workspace/kadai-tasklist-3/vendor/laravel/framework/src/Illuminate/Routing/ControllerDispatcher.php:114
[08-Nov-2017 16:23:58 Asia/Tokyo] PHP  41. call_user_func:{/home/ubuntu/workspace/kadai-tasklist-3/vendor/laravel/framework/src/Illuminate/Pipeline/Pipeline.php:103}() /home/ubuntu/workspace/kadai-tasklist-3/vendor/laravel/framework/src/Illuminate/Pipeline/Pipeline.php:103
[08-Nov-2017 16:23:58 Asia/Tokyo] PHP  42. Illuminate\Pipeline\Pipeline->Illuminate\Pipeline\{closure}() /home/ubuntu/workspace/kadai-tasklist-3/vendor/laravel/framework/src/Illuminate/Pipeline/Pipeline.php:103
[08-Nov-2017 16:23:58 Asia/Tokyo] PHP  43. call_user_func_array:{/home/ubuntu/workspace/kadai-tasklist-3/vendor/laravel/framework/src/Illuminate/Pipeline/Pipeline.php:124}() /home/ubuntu/workspace/kadai-tasklist-3/vendor/laravel/framework/src/Illuminate/Pipeline/Pipeline.php:124
[08-Nov-2017 16:23:58 Asia/Tokyo] PHP  44. App\Http\Middleware\RedirectIfAuthenticated->handle() /home/ubuntu/workspace/kadai-tasklist-3/vendor/laravel/framework/src/Illuminate/Pipeline/Pipeline.php:124
[08-Nov-2017 16:23:58 Asia/Tokyo] PHP  45. Illuminate\Pipeline\Pipeline->Illuminate\Pipeline\{closure}() /home/ubuntu/workspace/kadai-tasklist-3/app/Http/Middleware/RedirectIfAuthenticated.php:41
[08-Nov-2017 16:23:58 Asia/Tokyo] PHP  46. call_user_func:{/home/ubuntu/workspace/kadai-tasklist-3/vendor/laravel/framework/src/Illuminate/Pipeline/Pipeline.php:139}() /home/ubuntu/workspace/kadai-tasklist-3/vendor/laravel/framework/src/Illuminate/Pipeline/Pipeline.php:139
[08-Nov-2017 16:23:58 Asia/Tokyo] PHP  47. Illuminate\Routing\ControllerDispatcher->Illuminate\Routing\{closure}() /home/ubuntu/workspace/kadai-tasklist-3/vendor/laravel/framework/src/Illuminate/Pipeline/Pipeline.php:139
[08-Nov-2017 16:23:58 Asia/Tokyo] PHP  48. Illuminate\Routing\Router->prepareResponse() /home/ubuntu/workspace/kadai-tasklist-3/vendor/laravel/framework/src/Illuminate/Routing/ControllerDispatcher.php:113
[08-Nov-2017 16:23:58 Asia/Tokyo] PHP  49. Symfony\Component\HttpFoundation\Response->__construct() /home/ubuntu/workspace/kadai-tasklist-3/vendor/laravel/framework/src/Illuminate/Routing/Router.php:1229
[08-Nov-2017 16:23:58 Asia/Tokyo] PHP  50. Illuminate\Http\Response->setContent() /home/ubuntu/workspace/kadai-tasklist-3/vendor/symfony/http-foundation/Response.php:200
[08-Nov-2017 16:23:58 Asia/Tokyo] PHP  51. Illuminate\View\View->render() /home/ubuntu/workspace/kadai-tasklist-3/vendor/laravel/framework/src/Illuminate/Http/Response.php:51
[08-Nov-2017 16:23:58 Asia/Tokyo] PHP  52. Illuminate\View\View->renderContents() /home/ubuntu/workspace/kadai-tasklist-3/vendor/laravel/framework/src/Illuminate/View/View.php:83
[08-Nov-2017 16:23:58 Asia/Tokyo] PHP  53. Illuminate\View\View->getContents() /home/ubuntu/workspace/kadai-tasklist-3/vendor/laravel/framework/src/Illuminate/View/View.php:118
[08-Nov-2017 16:23:58 Asia/Tokyo] PHP  54. Illuminate\View\Engines\CompilerEngine->get() /home/ubuntu/workspace/kadai-tasklist-3/vendor/laravel/framework/src/Illuminate/View/View.php:147
[08-Nov-2017 16:23:58 Asia/Tokyo] PHP  55. Illuminate\View\Engines\PhpEngine->evaluatePath() /home/ubuntu/workspace/kadai-tasklist-3/vendor/laravel/framework/src/Illuminate/View/Engines/CompilerEngine.php:58
[08-Nov-2017 16:23:58 Asia/Tokyo] PHP  56. include() /home/ubuntu/workspace/kadai-tasklist-3/vendor/laravel/framework/src/Illuminate/View/Engines/PhpEngine.php:42
[08-Nov-2017 16:24:02 Asia/Tokyo] PHP Fatal error:  Class 'Form' not found in /home/ubuntu/workspace/kadai-tasklist-3/storage/framework/views/35a523d7774e7c36ae5f726a0e738c0e on line 9
[08-Nov-2017 16:24:02 Asia/Tokyo] PHP Stack trace:
[08-Nov-2017 16:24:02 Asia/Tokyo] PHP   1. {main}() /home/ubuntu/workspace/kadai-tasklist-3/server.php:0
[08-Nov-2017 16:24:02 Asia/Tokyo] PHP   2. require_once() /home/ubuntu/workspace/kadai-tasklist-3/server.php:21
[08-Nov-2017 16:24:02 Asia/Tokyo] PHP   3. Illuminate\Foundation\Http\Kernel->handle() /home/ubuntu/workspace/kadai-tasklist-3/public/index.php:54
[08-Nov-2017 16:24:02 Asia/Tokyo] PHP   4. Illuminate\Foundation\Http\Kernel->sendRequestThroughRouter() /home/ubuntu/workspace/kadai-tasklist-3/vendor/laravel/framework/src/Illuminate/Foundation/Http/Kernel.php:87
[08-Nov-2017 16:24:02 Asia/Tokyo] PHP   5. Illuminate\Pipeline\Pipeline->then() /home/ubuntu/workspace/kadai-tasklist-3/vendor/laravel/framework/src/Illuminate/Foundation/Http/Kernel.php:122
[08-Nov-2017 16:24:02 Asia/Tokyo] PHP   6. call_user_func:{/home/ubuntu/workspace/kadai-tasklist-3/vendor/laravel/framework/src/Illuminate/Pipeline/Pipeline.php:103}() /home/ubuntu/workspace/kadai-tasklist-3/vendor/laravel/framework/src/Illuminate/Pipeline/Pipeline.php:103
[08-Nov-2017 16:24:02 Asia/Tokyo] PHP   7. Illuminate\Pipeline\Pipeline->Illuminate\Pipeline\{closure}() /home/ubuntu/workspace/kadai-tasklist-3/vendor/laravel/framework/src/Illuminate/Pipeline/Pipeline.php:103
[08-Nov-2017 16:24:02 Asia/Tokyo] PHP   8. call_user_func_array:{/home/ubuntu/workspace/kadai-tasklist-3/vendor/laravel/framework/src/Illuminate/Pipeline/Pipeline.php:124}() /home/ubuntu/workspace/kadai-tasklist-3/vendor/laravel/framework/src/Illuminate/Pipeline/Pipeline.php:124
[08-Nov-2017 16:24:02 Asia/Tokyo] PHP   9. Illuminate\Foundation\Http\Middleware\CheckForMaintenanceMode->handle() /home/ubuntu/workspace/kadai-tasklist-3/vendor/laravel/framework/src/Illuminate/Pipeline/Pipeline.php:124
[08-Nov-2017 16:24:02 Asia/Tokyo] PHP  10. Illuminate\Pipeline\Pipeline->Illuminate\Pipeline\{closure}() /home/ubuntu/workspace/kadai-tasklist-3/vendor/laravel/framework/src/Illuminate/Foundation/Http/Middleware/CheckForMaintenanceMode.php:44
[08-Nov-2017 16:24:02 Asia/Tokyo] PHP  11. call_user_func_array:{/home/ubuntu/workspace/kadai-tasklist-3/vendor/laravel/framework/src/Illuminate/Pipeline/Pipeline.php:124}() /home/ubuntu/workspace/kadai-tasklist-3/vendor/laravel/framework/src/Illuminate/Pipeline/Pipeline.php:124
[08-Nov-2017 16:24:02 Asia/Tokyo] PHP  12. Illuminate\Cookie\Middleware\EncryptCookies->handle() /home/ubuntu/workspace/kadai-tasklist-3/vendor/laravel/framework/src/Illuminate/Pipeline/Pipeline.php:124
[08-Nov-2017 16:24:02 Asia/Tokyo] PHP  13. Illuminate\Pipeline\Pipeline->Illuminate\Pipeline\{closure}() /home/ubuntu/workspace/kadai-tasklist-3/vendor/laravel/framework/src/Illuminate/Cookie/Middleware/EncryptCookies.php:59
[08-Nov-2017 16:24:02 Asia/Tokyo] PHP  14. call_user_func_array:{/home/ubuntu/workspace/kadai-tasklist-3/vendor/laravel/framework/src/Illuminate/Pipeline/Pipeline.php:124}() /home/ubuntu/workspace/kadai-tasklist-3/vendor/laravel/framework/src/Illuminate/Pipeline/Pipeline.php:124
[08-Nov-2017 16:24:02 Asia/Tokyo] PHP  15. Illuminate\Cookie\Middleware\AddQueuedCookiesToResponse->handle() /home/ubuntu/workspace/kadai-tasklist-3/vendor/laravel/framework/src/Illuminate/Pipeline/Pipeline.php:124
[08-Nov-2017 16:24:02 Asia/Tokyo] PHP  16. Illuminate\Pipeline\Pipeline->Illuminate\Pipeline\{closure}() /home/ubuntu/workspace/kadai-tasklist-3/vendor/laravel/framework/src/Illuminate/Cookie/Middleware/AddQueuedCookiesToResponse.php:37
[08-Nov-2017 16:24:02 Asia/Tokyo] PHP  17. call_user_func_array:{/home/ubuntu/workspace/kadai-tasklist-3/vendor/laravel/framework/src/Illuminate/Pipeline/Pipeline.php:124}() /home/ubuntu/workspace/kadai-tasklist-3/vendor/laravel/framework/src/Illuminate/Pipeline/Pipeline.php:124
[08-Nov-2017 16:24:02 Asia/Tokyo] PHP  18. Illuminate\Session\Middleware\StartSession->handle() /home/ubuntu/workspace/kadai-tasklist-3/vendor/laravel/framework/src/Illuminate/Pipeline/Pipeline.php:124
[08-Nov-2017 16:24:02 Asia/Tokyo] PHP  19. Illuminate\Pipeline\Pipeline->Illuminate\Pipeline\{closure}() /home/ubuntu/workspace/kadai-tasklist-3/vendor/laravel/framework/src/Illuminate/Session/Middleware/StartSession.php:62
[08-Nov-2017 16:24:02 Asia/Tokyo] PHP  20. call_user_func_array:{/home/ubuntu/workspace/kadai-tasklist-3/vendor/laravel/framework/src/Illuminate/Pipeline/Pipeline.php:124}() /home/ubuntu/workspace/kadai-tasklist-3/vendor/laravel/framework/src/Illuminate/Pipeline/Pipeline.php:124
[08-Nov-2017 16:24:02 Asia/Tokyo] PHP  21. Illuminate\View\Middleware\ShareErrorsFromSession->handle() /home/ubuntu/workspace/kadai-tasklist-3/vendor/laravel/framework/src/Illuminate/Pipeline/Pipeline.php:124
[08-Nov-2017 16:24:02 Asia/Tokyo] PHP  22. Illuminate\Pipeline\Pipeline->Illuminate\Pipeline\{closure}() /home/ubuntu/workspace/kadai-tasklist-3/vendor/laravel/framework/src/Illuminate/View/Middleware/ShareErrorsFromSession.php:49
[08-Nov-2017 16:24:02 Asia/Tokyo] PHP  23. call_user_func_array:{/home/ubuntu/workspace/kadai-tasklist-3/vendor/laravel/framework/src/Illuminate/Pipeline/Pipeline.php:124}() /home/ubuntu/workspace/kadai-tasklist-3/vendor/laravel/framework/src/Illuminate/Pipeline/Pipeline.php:124
[08-Nov-2017 16:24:02 Asia/Tokyo] PHP  24. Illuminate\Foundation\Http\Middleware\VerifyCsrfToken->handle() /home/ubuntu/workspace/kadai-tasklist-3/vendor/laravel/framework/src/Illuminate/Pipeline/Pipeline.php:124
[08-Nov-2017 16:24:02 Asia/Tokyo] PHP  25. Illuminate\Pipeline\Pipeline->Illuminate\Pipeline\{closure}() /home/ubuntu/workspace/kadai-tasklist-3/vendor/laravel/framework/src/Illuminate/Foundation/Http/Middleware/VerifyCsrfToken.php:50
[08-Nov-2017 16:24:02 Asia/Tokyo] PHP  26. call_user_func:{/home/ubuntu/workspace/kadai-tasklist-3/vendor/laravel/framework/src/Illuminate/Pipeline/Pipeline.php:139}() /home/ubuntu/workspace/kadai-tasklist-3/vendor/laravel/framework/src/Illuminate/Pipeline/Pipeline.php:139
[08-Nov-2017 16:24:02 Asia/Tokyo] PHP  27. Illuminate\Foundation\Http\Kernel->Illuminate\Foundation\Http\{closure}() /home/ubuntu/workspace/kadai-tasklist-3/vendor/laravel/framework/src/Illuminate/Pipeline/Pipeline.php:139
[08-Nov-2017 16:24:02 Asia/Tokyo] PHP  28. Illuminate\Routing\Router->dispatch() /home/ubuntu/workspace/kadai-tasklist-3/vendor/laravel/framework/src/Illuminate/Foundation/Http/Kernel.php:236
[08-Nov-2017 16:24:02 Asia/Tokyo] PHP  29. Illuminate\Routing\Router->dispatchToRoute() /home/ubuntu/workspace/kadai-tasklist-3/vendor/laravel/framework/src/Illuminate/Routing/Router.php:635
[08-Nov-2017 16:24:02 Asia/Tokyo] PHP  30. Illuminate\Routing\Router->runRouteWithinStack() /home/ubuntu/workspace/kadai-tasklist-3/vendor/laravel/framework/src/Illuminate/Routing/Router.php:675
[08-Nov-2017 16:24:02 Asia/Tokyo] PHP  31. Illuminate\Pipeline\Pipeline->then() /home/ubuntu/workspace/kadai-tasklist-3/vendor/laravel/framework/src/Illuminate/Routing/Router.php:710
[08-Nov-2017 16:24:02 Asia/Tokyo] PHP  32. call_user_func:{/home/ubuntu/workspace/kadai-tasklist-3/vendor/laravel/framework/src/Illuminate/Pipeline/Pipeline.php:103}() /home/ubuntu/workspace/kadai-tasklist-3/vendor/laravel/framework/src/Illuminate/Pipeline/Pipeline.php:103
[08-Nov-2017 16:24:02 Asia/Tokyo] PHP  33. Illuminate\Pipeline\Pipeline->Illuminate\Pipeline\{closure}() /home/ubuntu/workspace/kadai-tasklist-3/vendor/laravel/framework/src/Illuminate/Pipeline/Pipeline.php:103
[08-Nov-2017 16:24:02 Asia/Tokyo] PHP  34. call_user_func:{/home/ubuntu/workspace/kadai-tasklist-3/vendor/laravel/framework/src/Illuminate/Pipeline/Pipeline.php:139}() /home/ubuntu/workspace/kadai-tasklist-3/vendor/laravel/framework/src/Illuminate/Pipeline/Pipeline.php:139
[08-Nov-2017 16:24:02 Asia/Tokyo] PHP  35. Illuminate\Routing\Router->Illuminate\Routing\{closure}() /home/ubuntu/workspace/kadai-tasklist-3/vendor/laravel/framework/src/Illuminate/Pipeline/Pipeline.php:139
[08-Nov-2017 16:24:02 Asia/Tokyo] PHP  36. Illuminate\Routing\Route->run() /home/ubuntu/workspace/kadai-tasklist-3/vendor/laravel/framework/src/Illuminate/Routing/Router.php:708
[08-Nov-2017 16:24:02 Asia/Tokyo] PHP  37. Illuminate\Routing\Route->runWithCustomDispatcher() /home/ubuntu/workspace/kadai-tasklist-3/vendor/laravel/framework/src/Illuminate/Routing/Route.php:134
[08-Nov-2017 16:24:02 Asia/Tokyo] PHP  38. Illuminate\Routing\ControllerDispatcher->dispatch() /home/ubuntu/workspace/kadai-tasklist-3/vendor/laravel/framework/src/Illuminate/Routing/Route.php:203
[08-Nov-2017 16:24:02 Asia/Tokyo] PHP  39. Illuminate\Routing\ControllerDispatcher->callWithinStack() /home/ubuntu/workspace/kadai-tasklist-3/vendor/laravel/framework/src/Illuminate/Routing/ControllerDispatcher.php:69
[08-Nov-2017 16:24:02 Asia/Tokyo] PHP  40. Illuminate\Pipeline\Pipeline->then() /home/ubuntu/workspace/kadai-tasklist-3/vendor/laravel/framework/src/Illuminate/Routing/ControllerDispatcher.php:114
[08-Nov-2017 16:24:02 Asia/Tokyo] PHP  41. call_user_func:{/home/ubuntu/workspace/kadai-tasklist-3/vendor/laravel/framework/src/Illuminate/Pipeline/Pipeline.php:103}() /home/ubuntu/workspace/kadai-tasklist-3/vendor/laravel/framework/src/Illuminate/Pipeline/Pipeline.php:103
[08-Nov-2017 16:24:02 Asia/Tokyo] PHP  42. Illuminate\Pipeline\Pipeline->Illuminate\Pipeline\{closure}() /home/ubuntu/workspace/kadai-tasklist-3/vendor/laravel/framework/src/Illuminate/Pipeline/Pipeline.php:103
[08-Nov-2017 16:24:02 Asia/Tokyo] PHP  43. call_user_func_array:{/home/ubuntu/workspace/kadai-tasklist-3/vendor/laravel/framework/src/Illuminate/Pipeline/Pipeline.php:124}() /home/ubuntu/workspace/kadai-tasklist-3/vendor/laravel/framework/src/Illuminate/Pipeline/Pipeline.php:124
[08-Nov-2017 16:24:02 Asia/Tokyo] PHP  44. App\Http\Middleware\RedirectIfAuthenticated->handle() /home/ubuntu/workspace/kadai-tasklist-3/vendor/laravel/framework/src/Illuminate/Pipeline/Pipeline.php:124
[08-Nov-2017 16:24:02 Asia/Tokyo] PHP  45. Illuminate\Pipeline\Pipeline->Illuminate\Pipeline\{closure}() /home/ubuntu/workspace/kadai-tasklist-3/app/Http/Middleware/RedirectIfAuthenticated.php:41
[08-Nov-2017 16:24:02 Asia/Tokyo] PHP  46. call_user_func:{/home/ubuntu/workspace/kadai-tasklist-3/vendor/laravel/framework/src/Illuminate/Pipeline/Pipeline.php:139}() /home/ubuntu/workspace/kadai-tasklist-3/vendor/laravel/framework/src/Illuminate/Pipeline/Pipeline.php:139
[08-Nov-2017 16:24:02 Asia/Tokyo] PHP  47. Illuminate\Routing\ControllerDispatcher->Illuminate\Routing\{closure}() /home/ubuntu/workspace/kadai-tasklist-3/vendor/laravel/framework/src/Illuminate/Pipeline/Pipeline.php:139
[08-Nov-2017 16:24:02 Asia/Tokyo] PHP  48. Illuminate\Routing\Router->prepareResponse() /home/ubuntu/workspace/kadai-tasklist-3/vendor/laravel/framework/src/Illuminate/Routing/ControllerDispatcher.php:113
[08-Nov-2017 16:24:02 Asia/Tokyo] PHP  49. Symfony\Component\HttpFoundation\Response->__construct() /home/ubuntu/workspace/kadai-tasklist-3/vendor/laravel/framework/src/Illuminate/Routing/Router.php:1229
[08-Nov-2017 16:24:02 Asia/Tokyo] PHP  50. Illuminate\Http\Response->setContent() /home/ubuntu/workspace/kadai-tasklist-3/vendor/symfony/http-foundation/Response.php:200
[08-Nov-2017 16:24:02 Asia/Tokyo] PHP  51. Illuminate\View\View->render() /home/ubuntu/workspace/kadai-tasklist-3/vendor/laravel/framework/src/Illuminate/Http/Response.php:51
[08-Nov-2017 16:24:02 Asia/Tokyo] PHP  52. Illuminate\View\View->renderContents() /home/ubuntu/workspace/kadai-tasklist-3/vendor/laravel/framework/src/Illuminate/View/View.php:83
[08-Nov-2017 16:24:02 Asia/Tokyo] PHP  53. Illuminate\View\View->getContents() /home/ubuntu/workspace/kadai-tasklist-3/vendor/laravel/framework/src/Illuminate/View/View.php:118
[08-Nov-2017 16:24:02 Asia/Tokyo] PHP  54. Illuminate\View\Engines\CompilerEngine->get() /home/ubuntu/workspace/kadai-tasklist-3/vendor/laravel/framework/src/Illuminate/View/View.php:147
[08-Nov-2017 16:24:02 Asia/Tokyo] PHP  55. Illuminate\View\Engines\PhpEngine->evaluatePath() /home/ubuntu/workspace/kadai-tasklist-3/vendor/laravel/framework/src/Illuminate/View/Engines/CompilerEngine.php:58
[08-Nov-2017 16:24:02 Asia/Tokyo] PHP  56. include() /home/ubuntu/workspace/kadai-tasklist-3/vendor/laravel/framework/src/Illuminate/View/Engines/PhpEngine.php:42
[08-Nov-2017 16:24:30 Asia/Tokyo] PHP Fatal error:  Class 'Form' not found in /home/ubuntu/workspace/kadai-tasklist-3/storage/framework/views/192715c41a48a0748ec92a958e78743b on line 9
[08-Nov-2017 16:24:30 Asia/Tokyo] PHP Stack trace:
[08-Nov-2017 16:24:30 Asia/Tokyo] PHP   1. {main}() /home/ubuntu/workspace/kadai-tasklist-3/server.php:0
[08-Nov-2017 16:24:30 Asia/Tokyo] PHP   2. require_once() /home/ubuntu/workspace/kadai-tasklist-3/server.php:21
[08-Nov-2017 16:24:30 Asia/Tokyo] PHP   3. Illuminate\Foundation\Http\Kernel->handle() /home/ubuntu/workspace/kadai-tasklist-3/public/index.php:54
[08-Nov-2017 16:24:30 Asia/Tokyo] PHP   4. Illuminate\Foundation\Http\Kernel->sendRequestThroughRouter() /home/ubuntu/workspace/kadai-tasklist-3/vendor/laravel/framework/src/Illuminate/Foundation/Http/Kernel.php:87
[08-Nov-2017 16:24:30 Asia/Tokyo] PHP   5. Illuminate\Pipeline\Pipeline->then() /home/ubuntu/workspace/kadai-tasklist-3/vendor/laravel/framework/src/Illuminate/Foundation/Http/Kernel.php:122
[08-Nov-2017 16:24:30 Asia/Tokyo] PHP   6. call_user_func:{/home/ubuntu/workspace/kadai-tasklist-3/vendor/laravel/framework/src/Illuminate/Pipeline/Pipeline.php:103}() /home/ubuntu/workspace/kadai-tasklist-3/vendor/laravel/framework/src/Illuminate/Pipeline/Pipeline.php:103
[08-Nov-2017 16:24:30 Asia/Tokyo] PHP   7. Illuminate\Pipeline\Pipeline->Illuminate\Pipeline\{closure}() /home/ubuntu/workspace/kadai-tasklist-3/vendor/laravel/framework/src/Illuminate/Pipeline/Pipeline.php:103
[08-Nov-2017 16:24:30 Asia/Tokyo] PHP   8. call_user_func_array:{/home/ubuntu/workspace/kadai-tasklist-3/vendor/laravel/framework/src/Illuminate/Pipeline/Pipeline.php:124}() /home/ubuntu/workspace/kadai-tasklist-3/vendor/laravel/framework/src/Illuminate/Pipeline/Pipeline.php:124
[08-Nov-2017 16:24:30 Asia/Tokyo] PHP   9. Illuminate\Foundation\Http\Middleware\CheckForMaintenanceMode->handle() /home/ubuntu/workspace/kadai-tasklist-3/vendor/laravel/framework/src/Illuminate/Pipeline/Pipeline.php:124
[08-Nov-2017 16:24:30 Asia/Tokyo] PHP  10. Illuminate\Pipeline\Pipeline->Illuminate\Pipeline\{closure}() /home/ubuntu/workspace/kadai-tasklist-3/vendor/laravel/framework/src/Illuminate/Foundation/Http/Middleware/CheckForMaintenanceMode.php:44
[08-Nov-2017 16:24:30 Asia/Tokyo] PHP  11. call_user_func_array:{/home/ubuntu/workspace/kadai-tasklist-3/vendor/laravel/framework/src/Illuminate/Pipeline/Pipeline.php:124}() /home/ubuntu/workspace/kadai-tasklist-3/vendor/laravel/framework/src/Illuminate/Pipeline/Pipeline.php:124
[08-Nov-2017 16:24:30 Asia/Tokyo] PHP  12. Illuminate\Cookie\Middleware\EncryptCookies->handle() /home/ubuntu/workspace/kadai-tasklist-3/vendor/laravel/framework/src/Illuminate/Pipeline/Pipeline.php:124
[08-Nov-2017 16:24:30 Asia/Tokyo] PHP  13. Illuminate\Pipeline\Pipeline->Illuminate\Pipeline\{closure}() /home/ubuntu/workspace/kadai-tasklist-3/vendor/laravel/framework/src/Illuminate/Cookie/Middleware/EncryptCookies.php:59
[08-Nov-2017 16:24:30 Asia/Tokyo] PHP  14. call_user_func_array:{/home/ubuntu/workspace/kadai-tasklist-3/vendor/laravel/framework/src/Illuminate/Pipeline/Pipeline.php:124}() /home/ubuntu/workspace/kadai-tasklist-3/vendor/laravel/framework/src/Illuminate/Pipeline/Pipeline.php:124
[08-Nov-2017 16:24:30 Asia/Tokyo] PHP  15. Illuminate\Cookie\Middleware\AddQueuedCookiesToResponse->handle() /home/ubuntu/workspace/kadai-tasklist-3/vendor/laravel/framework/src/Illuminate/Pipeline/Pipeline.php:124
[08-Nov-2017 16:24:30 Asia/Tokyo] PHP  16. Illuminate\Pipeline\Pipeline->Illuminate\Pipeline\{closure}() /home/ubuntu/workspace/kadai-tasklist-3/vendor/laravel/framework/src/Illuminate/Cookie/Middleware/AddQueuedCookiesToResponse.php:37
[08-Nov-2017 16:24:30 Asia/Tokyo] PHP  17. call_user_func_array:{/home/ubuntu/workspace/kadai-tasklist-3/vendor/laravel/framework/src/Illuminate/Pipeline/Pipeline.php:124}() /home/ubuntu/workspace/kadai-tasklist-3/vendor/laravel/framework/src/Illuminate/Pipeline/Pipeline.php:124
[08-Nov-2017 16:24:30 Asia/Tokyo] PHP  18. Illuminate\Session\Middleware\StartSession->handle() /home/ubuntu/workspace/kadai-tasklist-3/vendor/laravel/framework/src/Illuminate/Pipeline/Pipeline.php:124
[08-Nov-2017 16:24:30 Asia/Tokyo] PHP  19. Illuminate\Pipeline\Pipeline->Illuminate\Pipeline\{closure}() /home/ubuntu/workspace/kadai-tasklist-3/vendor/laravel/framework/src/Illuminate/Session/Middleware/StartSession.php:62
[08-Nov-2017 16:24:30 Asia/Tokyo] PHP  20. call_user_func_array:{/home/ubuntu/workspace/kadai-tasklist-3/vendor/laravel/framework/src/Illuminate/Pipeline/Pipeline.php:124}() /home/ubuntu/workspace/kadai-tasklist-3/vendor/laravel/framework/src/Illuminate/Pipeline/Pipeline.php:124
[08-Nov-2017 16:24:30 Asia/Tokyo] PHP  21. Illuminate\View\Middleware\ShareErrorsFromSession->handle() /home/ubuntu/workspace/kadai-tasklist-3/vendor/laravel/framework/src/Illuminate/Pipeline/Pipeline.php:124
[08-Nov-2017 16:24:30 Asia/Tokyo] PHP  22. Illuminate\Pipeline\Pipeline->Illuminate\Pipeline\{closure}() /home/ubuntu/workspace/kadai-tasklist-3/vendor/laravel/framework/src/Illuminate/View/Middleware/ShareErrorsFromSession.php:49
[08-Nov-2017 16:24:30 Asia/Tokyo] PHP  23. call_user_func_array:{/home/ubuntu/workspace/kadai-tasklist-3/vendor/laravel/framework/src/Illuminate/Pipeline/Pipeline.php:124}() /home/ubuntu/workspace/kadai-tasklist-3/vendor/laravel/framework/src/Illuminate/Pipeline/Pipeline.php:124
[08-Nov-2017 16:24:30 Asia/Tokyo] PHP  24. Illuminate\Foundation\Http\Middleware\VerifyCsrfToken->handle() /home/ubuntu/workspace/kadai-tasklist-3/vendor/laravel/framework/src/Illuminate/Pipeline/Pipeline.php:124
[08-Nov-2017 16:24:30 Asia/Tokyo] PHP  25. Illuminate\Pipeline\Pipeline->Illuminate\Pipeline\{closure}() /home/ubuntu/workspace/kadai-tasklist-3/vendor/laravel/framework/src/Illuminate/Foundation/Http/Middleware/VerifyCsrfToken.php:50
[08-Nov-2017 16:24:30 Asia/Tokyo] PHP  26. call_user_func:{/home/ubuntu/workspace/kadai-tasklist-3/vendor/laravel/framework/src/Illuminate/Pipeline/Pipeline.php:139}() /home/ubuntu/workspace/kadai-tasklist-3/vendor/laravel/framework/src/Illuminate/Pipeline/Pipeline.php:139
[08-Nov-2017 16:24:30 Asia/Tokyo] PHP  27. Illuminate\Foundation\Http\Kernel->Illuminate\Foundation\Http\{closure}() /home/ubuntu/workspace/kadai-tasklist-3/vendor/laravel/framework/src/Illuminate/Pipeline/Pipeline.php:139
[08-Nov-2017 16:24:30 Asia/Tokyo] PHP  28. Illuminate\Routing\Router->dispatch() /home/ubuntu/workspace/kadai-tasklist-3/vendor/laravel/framework/src/Illuminate/Foundation/Http/Kernel.php:236
[08-Nov-2017 16:24:30 Asia/Tokyo] PHP  29. Illuminate\Routing\Router->dispatchToRoute() /home/ubuntu/workspace/kadai-tasklist-3/vendor/laravel/framework/src/Illuminate/Routing/Router.php:635
[08-Nov-2017 16:24:30 Asia/Tokyo] PHP  30. Illuminate\Routing\Router->runRouteWithinStack() /home/ubuntu/workspace/kadai-tasklist-3/vendor/laravel/framework/src/Illuminate/Routing/Router.php:675
[08-Nov-2017 16:24:30 Asia/Tokyo] PHP  31. Illuminate\Pipeline\Pipeline->then() /home/ubuntu/workspace/kadai-tasklist-3/vendor/laravel/framework/src/Illuminate/Routing/Router.php:710
[08-Nov-2017 16:24:30 Asia/Tokyo] PHP  32. call_user_func:{/home/ubuntu/workspace/kadai-tasklist-3/vendor/laravel/framework/src/Illuminate/Pipeline/Pipeline.php:103}() /home/ubuntu/workspace/kadai-tasklist-3/vendor/laravel/framework/src/Illuminate/Pipeline/Pipeline.php:103
[08-Nov-2017 16:24:30 Asia/Tokyo] PHP  33. Illuminate\Pipeline\Pipeline->Illuminate\Pipeline\{closure}() /home/ubuntu/workspace/kadai-tasklist-3/vendor/laravel/framework/src/Illuminate/Pipeline/Pipeline.php:103
[08-Nov-2017 16:24:30 Asia/Tokyo] PHP  34. call_user_func:{/home/ubuntu/workspace/kadai-tasklist-3/vendor/laravel/framework/src/Illuminate/Pipeline/Pipeline.php:139}() /home/ubuntu/workspace/kadai-tasklist-3/vendor/laravel/framework/src/Illuminate/Pipeline/Pipeline.php:139
[08-Nov-2017 16:24:30 Asia/Tokyo] PHP  35. Illuminate\Routing\Router->Illuminate\Routing\{closure}() /home/ubuntu/workspace/kadai-tasklist-3/vendor/laravel/framework/src/Illuminate/Pipeline/Pipeline.php:139
[08-Nov-2017 16:24:30 Asia/Tokyo] PHP  36. Illuminate\Routing\Route->run() /home/ubuntu/workspace/kadai-tasklist-3/vendor/laravel/framework/src/Illuminate/Routing/Router.php:708
[08-Nov-2017 16:24:30 Asia/Tokyo] PHP  37. Illuminate\Routing\Route->runWithCustomDispatcher() /home/ubuntu/workspace/kadai-tasklist-3/vendor/laravel/framework/src/Illuminate/Routing/Route.php:134
[08-Nov-2017 16:24:30 Asia/Tokyo] PHP  38. Illuminate\Routing\ControllerDispatcher->dispatch() /home/ubuntu/workspace/kadai-tasklist-3/vendor/laravel/framework/src/Illuminate/Routing/Route.php:203
[08-Nov-2017 16:24:30 Asia/Tokyo] PHP  39. Illuminate\Routing\ControllerDispatcher->callWithinStack() /home/ubuntu/workspace/kadai-tasklist-3/vendor/laravel/framework/src/Illuminate/Routing/ControllerDispatcher.php:69
[08-Nov-2017 16:24:30 Asia/Tokyo] PHP  40. Illuminate\Pipeline\Pipeline->then() /home/ubuntu/workspace/kadai-tasklist-3/vendor/laravel/framework/src/Illuminate/Routing/ControllerDispatcher.php:114
[08-Nov-2017 16:24:30 Asia/Tokyo] PHP  41. call_user_func:{/home/ubuntu/workspace/kadai-tasklist-3/vendor/laravel/framework/src/Illuminate/Pipeline/Pipeline.php:103}() /home/ubuntu/workspace/kadai-tasklist-3/vendor/laravel/framework/src/Illuminate/Pipeline/Pipeline.php:103
[08-Nov-2017 16:24:30 Asia/Tokyo] PHP  42. Illuminate\Pipeline\Pipeline->Illuminate\Pipeline\{closure}() /home/ubuntu/workspace/kadai-tasklist-3/vendor/laravel/framework/src/Illuminate/Pipeline/Pipeline.php:103
[08-Nov-2017 16:24:30 Asia/Tokyo] PHP  43. call_user_func_array:{/home/ubuntu/workspace/kadai-tasklist-3/vendor/laravel/framework/src/Illuminate/Pipeline/Pipeline.php:124}() /home/ubuntu/workspace/kadai-tasklist-3/vendor/laravel/framework/src/Illuminate/Pipeline/Pipeline.php:124
[08-Nov-2017 16:24:30 Asia/Tokyo] PHP  44. App\Http\Middleware\RedirectIfAuthenticated->handle() /home/ubuntu/workspace/kadai-tasklist-3/vendor/laravel/framework/src/Illuminate/Pipeline/Pipeline.php:124
[08-Nov-2017 16:24:30 Asia/Tokyo] PHP  45. Illuminate\Pipeline\Pipeline->Illuminate\Pipeline\{closure}() /home/ubuntu/workspace/kadai-tasklist-3/app/Http/Middleware/RedirectIfAuthenticated.php:41
[08-Nov-2017 16:24:30 Asia/Tokyo] PHP  46. call_user_func:{/home/ubuntu/workspace/kadai-tasklist-3/vendor/laravel/framework/src/Illuminate/Pipeline/Pipeline.php:139}() /home/ubuntu/workspace/kadai-tasklist-3/vendor/laravel/framework/src/Illuminate/Pipeline/Pipeline.php:139
[08-Nov-2017 16:24:30 Asia/Tokyo] PHP  47. Illuminate\Routing\ControllerDispatcher->Illuminate\Routing\{closure}() /home/ubuntu/workspace/kadai-tasklist-3/vendor/laravel/framework/src/Illuminate/Pipeline/Pipeline.php:139
[08-Nov-2017 16:24:30 Asia/Tokyo] PHP  48. Illuminate\Routing\Router->prepareResponse() /home/ubuntu/workspace/kadai-tasklist-3/vendor/laravel/framework/src/Illuminate/Routing/ControllerDispatcher.php:113
[08-Nov-2017 16:24:30 Asia/Tokyo] PHP  49. Symfony\Component\HttpFoundation\Response->__construct() /home/ubuntu/workspace/kadai-tasklist-3/vendor/laravel/framework/src/Illuminate/Routing/Router.php:1229
[08-Nov-2017 16:24:30 Asia/Tokyo] PHP  50. Illuminate\Http\Response->setContent() /home/ubuntu/workspace/kadai-tasklist-3/vendor/symfony/http-foundation/Response.php:200
[08-Nov-2017 16:24:30 Asia/Tokyo] PHP  51. Illuminate\View\View->render() /home/ubuntu/workspace/kadai-tasklist-3/vendor/laravel/framework/src/Illuminate/Http/Response.php:51
[08-Nov-2017 16:24:30 Asia/Tokyo] PHP  52. Illuminate\View\View->renderContents() /home/ubuntu/workspace/kadai-tasklist-3/vendor/laravel/framework/src/Illuminate/View/View.php:83
[08-Nov-2017 16:24:30 Asia/Tokyo] PHP  53. Illuminate\View\View->getContents() /home/ubuntu/workspace/kadai-tasklist-3/vendor/laravel/framework/src/Illuminate/View/View.php:118
[08-Nov-2017 16:24:30 Asia/Tokyo] PHP  54. Illuminate\View\Engines\CompilerEngine->get() /home/ubuntu/workspace/kadai-tasklist-3/vendor/laravel/framework/src/Illuminate/View/View.php:147
[08-Nov-2017 16:24:30 Asia/Tokyo] PHP  55. Illuminate\View\Engines\PhpEngine->evaluatePath() /home/ubuntu/workspace/kadai-tasklist-3/vendor/laravel/framework/src/Illuminate/View/Engines/CompilerEngine.php:58
[08-Nov-2017 16:24:30 Asia/Tokyo] PHP  56. include() /home/ubuntu/workspace/kadai-tasklist-3/vendor/laravel/framework/src/Illuminate/View/Engines/PhpEngine.php:42
